;  LST file generated by mikroListExporter - v.2.0 
; Date/Time: 08.12.2013 18:17:43
;----------------------------------------------

;Address Opcode 	ASM
____SysVT:
0x0000	0xFFFC2001  	537001980
0x0004	0x0A6D0000  	2669
0x0008	0x06B50000  	1717
0x000C	0x06B50000  	1717
0x0010	0x06B50000  	1717
0x0014	0x06B50000  	1717
0x0018	0x06B50000  	1717
0x001C	0x06B50000  	1717
0x0020	0x06B50000  	1717
0x0024	0x06B50000  	1717
0x0028	0x06B50000  	1717
0x002C	0x06B50000  	1717
0x0030	0x06B50000  	1717
0x0034	0x06B50000  	1717
0x0038	0x06B50000  	1717
0x003C	0x06B50000  	1717
0x0040	0x06B50000  	1717
0x0044	0x06B50000  	1717
0x0048	0x06B50000  	1717
0x004C	0x06B50000  	1717
0x0050	0x06B50000  	1717
0x0054	0x06B50000  	1717
0x0058	0x06B50000  	1717
0x005C	0x06B50000  	1717
0x0060	0x06B50000  	1717
0x0064	0x06B50000  	1717
0x0068	0x06B50000  	1717
0x006C	0x06B50000  	1717
0x0070	0x06B50000  	1717
0x0074	0x06B50000  	1717
0x0078	0x06B50000  	1717
0x007C	0x06B50000  	1717
0x0080	0x06B50000  	1717
0x0084	0x06B50000  	1717
0x0088	0x06B50000  	1717
0x008C	0x06B50000  	1717
0x0090	0x06B50000  	1717
0x0094	0x06B50000  	1717
0x0098	0x06B50000  	1717
0x009C	0x06B50000  	1717
0x00A0	0x06B50000  	1717
0x00A4	0x06B50000  	1717
0x00A8	0x06B50000  	1717
0x00AC	0x06B50000  	1717
0x00B0	0x06B50000  	1717
0x00B4	0x06B50000  	1717
0x00B8	0x06B50000  	1717
0x00BC	0x06B50000  	1717
0x00C0	0x06B50000  	1717
0x00C4	0x06B50000  	1717
0x00C8	0x06B50000  	1717
0x00CC	0x06B50000  	1717
0x00D0	0x06B50000  	1717
0x00D4	0x06B50000  	1717
0x00D8	0x06B50000  	1717
0x00DC	0x06B50000  	1717
0x00E0	0x06B50000  	1717
0x00E4	0x06B50000  	1717
0x00E8	0x06B50000  	1717
0x00EC	0x06B50000  	1717
0x00F0	0x06B50000  	1717
0x00F4	0x06B50000  	1717
0x00F8	0x06B50000  	1717
0x00FC	0x06B50000  	1717
0x0100	0x06B50000  	1717
0x0104	0x06B50000  	1717
0x0108	0x06B50000  	1717
0x010C	0x06B50000  	1717
0x0110	0x06B50000  	1717
0x0114	0x06B50000  	1717
0x0118	0x06B50000  	1717
0x011C	0x06B50000  	1717
0x0120	0x06B50000  	1717
0x0124	0x06B50000  	1717
0x0128	0x06B50000  	1717
0x012C	0x06B50000  	1717
0x0130	0x06B50000  	1717
0x0134	0x06B50000  	1717
0x0138	0x06B50000  	1717
0x013C	0x06B50000  	1717
0x0140	0x06B50000  	1717
0x0144	0x06B50000  	1717
0x0148	0x06B50000  	1717
0x014C	0x06B50000  	1717
0x0150	0x06B50000  	1717
0x0154	0x06B50000  	1717
0x0158	0x06B50000  	1717
0x015C	0x06B50000  	1717
0x0160	0x06B50000  	1717
0x0164	0x06B50000  	1717
0x0168	0x06B50000  	1717
0x016C	0x06B50000  	1717
0x0170	0x06B50000  	1717
0x0174	0x06B50000  	1717
0x0178	0x06B50000  	1717
0x017C	0x06B50000  	1717
0x0180	0x06B50000  	1717
0x0184	0x06B50000  	1717
; end of ____SysVT
_main:
;TimblerBotDrive.c, 240 :: 		void main() {
0x0A6C	0xF7FFFE4E  BL	1804
0x0A70	0xF7FFFE24  BL	1724
0x0A74	0xF000F89C  BL	2992
0x0A78	0xF7FFFE36  BL	1768
0x0A7C	0xF000F84A  BL	2836
;TimblerBotDrive.c, 243 :: 		GPIO_Digital_Output(&GPIOC_BASE, _GPIO_PINMASK_12 | _GPIO_PINMASK_13);
0x0A80	0xF2430100  MOVW	R1, #12288
0x0A84	0x4813    LDR	R0, [PC, #76]
0x0A86	0xF7FFFDD7  BL	_GPIO_Digital_Output+0
;TimblerBotDrive.c, 246 :: 		GPIO_Digital_Output(&GPIOA_BASE, _GPIO_PINMASK_1 | _GPIO_PINMASK_2);
0x0A8A	0x2106    MOVS	R1, #6
0x0A8C	0x4812    LDR	R0, [PC, #72]
0x0A8E	0xF7FFFDD3  BL	_GPIO_Digital_Output+0
;TimblerBotDrive.c, 261 :: 		_GPIO_PINMASK_6  );
0x0A92	0xF64E71F3  MOVW	R1, #61427
;TimblerBotDrive.c, 249 :: 		GPIO_Digital_Output(&GPIOB_BASE, _GPIO_PINMASK_5  |
0x0A96	0x4811    LDR	R0, [PC, #68]
;TimblerBotDrive.c, 261 :: 		_GPIO_PINMASK_6  );
0x0A98	0xF7FFFDCE  BL	_GPIO_Digital_Output+0
;TimblerBotDrive.c, 265 :: 		_GPIO_PINMASK_10  ); // Set PORTC as digital output
0x0A9C	0xF6406100  MOVW	R1, #3584
;TimblerBotDrive.c, 263 :: 		GPIO_Digital_Output(&GPIOC_BASE, _GPIO_PINMASK_9  |
0x0AA0	0x480C    LDR	R0, [PC, #48]
;TimblerBotDrive.c, 265 :: 		_GPIO_PINMASK_10  ); // Set PORTC as digital output
0x0AA2	0xF7FFFDC9  BL	_GPIO_Digital_Output+0
;TimblerBotDrive.c, 270 :: 		STAT = 0;                                  // turn OFF the STAT LED
0x0AA6	0x2100    MOVS	R1, #0
0x0AA8	0xB249    SXTB	R1, R1
0x0AAA	0x480D    LDR	R0, [PC, #52]
0x0AAC	0x6001    STR	R1, [R0, #0]
;TimblerBotDrive.c, 271 :: 		DATA = 1;                                  // turn OFF the DATA LED
0x0AAE	0x2101    MOVS	R1, #1
0x0AB0	0xB249    SXTB	R1, R1
0x0AB2	0x480C    LDR	R0, [PC, #48]
0x0AB4	0x6001    STR	R1, [R0, #0]
;TimblerBotDrive.c, 275 :: 		while (1) {
L_main36:
;TimblerBotDrive.c, 278 :: 		STAT = ~STAT;
0x0AB6	0x490A    LDR	R1, [PC, #40]
0x0AB8	0x6808    LDR	R0, [R1, #0]
0x0ABA	0xF0800001  EOR	R0, R0, #1
0x0ABE	0x6008    STR	R0, [R1, #0]
;TimblerBotDrive.c, 283 :: 		Motor1Move(5, FORWARD);
0x0AC0	0x2100    MOVS	R1, #0
0x0AC2	0xB209    SXTH	R1, R1
0x0AC4	0x2005    MOVS	R0, #5
0x0AC6	0xB200    SXTH	R0, R0
0x0AC8	0xF7FFFDC4  BL	_Motor1Move+0
;TimblerBotDrive.c, 298 :: 		Wait();
0x0ACC	0xF7FFFDA8  BL	_Wait+0
;TimblerBotDrive.c, 299 :: 		}
0x0AD0	0xE7F1    B	L_main36
;TimblerBotDrive.c, 300 :: 		}
L_end_main:
L__main_end_loop:
0x0AD2	0xE7FE    B	L__main_end_loop
0x0AD4	0x08004002  	GPIOC_BASE+0
0x0AD8	0x00004002  	GPIOA_BASE+0
0x0ADC	0x04004002  	GPIOB_BASE+0
0x0AE0	0x02B44241  	ODR13_GPIOC_ODR_bit+0
0x0AE4	0x02B04241  	ODR12_GPIOC_ODR_bit+0
; end of _main
_GPIO_Digital_Output:
;__Lib_GPIO_32F4xx.c, 1091 :: 		
; pin_mask start address is: 4 (R1)
0x0638	0xB081    SUB	SP, SP, #4
0x063A	0xF8CDE000  STR	LR, [SP, #0]
; pin_mask end address is: 4 (R1)
; pin_mask start address is: 4 (R1)
;__Lib_GPIO_32F4xx.c, 1092 :: 		
0x063E	0x4A04    LDR	R2, [PC, #16]
0x0640	0xB289    UXTH	R1, R1
; pin_mask end address is: 4 (R1)
0x0642	0xF7FFFE85  BL	_GPIO_Config+0
;__Lib_GPIO_32F4xx.c, 1093 :: 		
L_end_GPIO_Digital_Output:
0x0646	0xF8DDE000  LDR	LR, [SP, #0]
0x064A	0xB001    ADD	SP, SP, #4
0x064C	0x4770    BX	LR
0x064E	0xBF00    NOP
0x0650	0x00140008  	#524308
; end of _GPIO_Digital_Output
_GPIO_Config:
;__Lib_GPIO_32F4xx.c, 932 :: 		
; config start address is: 8 (R2)
; pin_mask start address is: 4 (R1)
0x0350	0xB084    SUB	SP, SP, #16
0x0352	0xF8CDE000  STR	LR, [SP, #0]
0x0356	0xB28D    UXTH	R5, R1
0x0358	0x4616    MOV	R6, R2
; config end address is: 8 (R2)
; pin_mask end address is: 4 (R1)
; pin_mask start address is: 20 (R5)
; config start address is: 24 (R6)
;__Lib_GPIO_32F4xx.c, 933 :: 		
;__Lib_GPIO_32F4xx.c, 934 :: 		
;__Lib_GPIO_32F4xx.c, 938 :: 		
0x035A	0x4B86    LDR	R3, [PC, #536]
0x035C	0xEA000303  AND	R3, R0, R3, LSL #0
; port start address is: 28 (R7)
0x0360	0x461F    MOV	R7, R3
;__Lib_GPIO_32F4xx.c, 940 :: 		
0x0362	0x4618    MOV	R0, R3
0x0364	0xF7FFFF10  BL	_GPIO_Clk_Enable+0
;__Lib_GPIO_32F4xx.c, 943 :: 		
0x0368	0xF1B50FFF  CMP	R5, #255
0x036C	0xD120    BNE	L_GPIO_Config22
;__Lib_GPIO_32F4xx.c, 944 :: 		
0x036E	0x683C    LDR	R4, [R7, #0]
;__Lib_GPIO_32F4xx.c, 945 :: 		
0x0370	0x4B81    LDR	R3, [PC, #516]
0x0372	0xEA040303  AND	R3, R4, R3, LSL #0
0x0376	0x4618    MOV	R0, R3
;__Lib_GPIO_32F4xx.c, 946 :: 		
0x0378	0x4B80    LDR	R3, [PC, #512]
0x037A	0x429E    CMP	R6, R3
0x037C	0xD114    BNE	L_GPIO_Config23
; pin_mask end address is: 20 (R5)
; config end address is: 24 (R6)
;__Lib_GPIO_32F4xx.c, 947 :: 		
0x037E	0xF2455355  MOVW	R3, #21845
0x0382	0xEA400303  ORR	R3, R0, R3, LSL #0
;__Lib_GPIO_32F4xx.c, 948 :: 		
0x0386	0x603B    STR	R3, [R7, #0]
;__Lib_GPIO_32F4xx.c, 949 :: 		
0x0388	0x1D3D    ADDS	R5, R7, #4
0x038A	0x682C    LDR	R4, [R5, #0]
0x038C	0xF06F03FF  MVN	R3, #255
0x0390	0xEA040303  AND	R3, R4, R3, LSL #0
0x0394	0x602B    STR	R3, [R5, #0]
;__Lib_GPIO_32F4xx.c, 950 :: 		
0x0396	0xF2070508  ADDW	R5, R7, #8
; port end address is: 28 (R7)
0x039A	0x682C    LDR	R4, [R5, #0]
0x039C	0xF64F73FF  MOVW	R3, #65535
0x03A0	0xEA440303  ORR	R3, R4, R3, LSL #0
0x03A4	0x602B    STR	R3, [R5, #0]
;__Lib_GPIO_32F4xx.c, 951 :: 		
0x03A6	0xE0E1    B	L_end_GPIO_Config
;__Lib_GPIO_32F4xx.c, 952 :: 		
L_GPIO_Config23:
;__Lib_GPIO_32F4xx.c, 953 :: 		
; port start address is: 28 (R7)
; config start address is: 24 (R6)
; pin_mask start address is: 20 (R5)
0x03A8	0x2E42    CMP	R6, #66
0x03AA	0xD101    BNE	L_GPIO_Config24
; pin_mask end address is: 20 (R5)
; config end address is: 24 (R6)
;__Lib_GPIO_32F4xx.c, 954 :: 		
0x03AC	0x6038    STR	R0, [R7, #0]
; port end address is: 28 (R7)
;__Lib_GPIO_32F4xx.c, 955 :: 		
0x03AE	0xE0DD    B	L_end_GPIO_Config
;__Lib_GPIO_32F4xx.c, 956 :: 		
L_GPIO_Config24:
;__Lib_GPIO_32F4xx.c, 957 :: 		
; port start address is: 28 (R7)
; config start address is: 24 (R6)
; pin_mask start address is: 20 (R5)
L_GPIO_Config22:
;__Lib_GPIO_32F4xx.c, 959 :: 		
0x03B0	0xF64F73FF  MOVW	R3, #65535
0x03B4	0x429D    CMP	R5, R3
0x03B6	0xD113    BNE	L_GPIO_Config25
;__Lib_GPIO_32F4xx.c, 960 :: 		
0x03B8	0x4B70    LDR	R3, [PC, #448]
0x03BA	0x429E    CMP	R6, R3
0x03BC	0xD10B    BNE	L_GPIO_Config26
; pin_mask end address is: 20 (R5)
; config end address is: 24 (R6)
;__Lib_GPIO_32F4xx.c, 961 :: 		
0x03BE	0xF04F3355  MOV	R3, #1431655765
0x03C2	0x603B    STR	R3, [R7, #0]
;__Lib_GPIO_32F4xx.c, 962 :: 		
0x03C4	0x1D3C    ADDS	R4, R7, #4
0x03C6	0x2300    MOVS	R3, #0
0x03C8	0x6023    STR	R3, [R4, #0]
;__Lib_GPIO_32F4xx.c, 963 :: 		
0x03CA	0xF2070408  ADDW	R4, R7, #8
; port end address is: 28 (R7)
0x03CE	0xF04F33FF  MOV	R3, #-1
0x03D2	0x6023    STR	R3, [R4, #0]
;__Lib_GPIO_32F4xx.c, 964 :: 		
0x03D4	0xE0CA    B	L_end_GPIO_Config
;__Lib_GPIO_32F4xx.c, 965 :: 		
L_GPIO_Config26:
;__Lib_GPIO_32F4xx.c, 966 :: 		
; port start address is: 28 (R7)
; config start address is: 24 (R6)
; pin_mask start address is: 20 (R5)
0x03D6	0x2E42    CMP	R6, #66
0x03D8	0xD102    BNE	L_GPIO_Config27
; pin_mask end address is: 20 (R5)
; config end address is: 24 (R6)
;__Lib_GPIO_32F4xx.c, 967 :: 		
0x03DA	0x2300    MOVS	R3, #0
0x03DC	0x603B    STR	R3, [R7, #0]
; port end address is: 28 (R7)
;__Lib_GPIO_32F4xx.c, 968 :: 		
0x03DE	0xE0C5    B	L_end_GPIO_Config
;__Lib_GPIO_32F4xx.c, 969 :: 		
L_GPIO_Config27:
;__Lib_GPIO_32F4xx.c, 970 :: 		
; port start address is: 28 (R7)
; config start address is: 24 (R6)
; pin_mask start address is: 20 (R5)
L_GPIO_Config25:
;__Lib_GPIO_32F4xx.c, 972 :: 		
0x03E0	0xF0060301  AND	R3, R6, #1
0x03E4	0xB10B    CBZ	R3, L_GPIO_Config28
;__Lib_GPIO_32F4xx.c, 973 :: 		
0x03E6	0x2003    MOVS	R0, #3
0x03E8	0xE00A    B	L_GPIO_Config29
L_GPIO_Config28:
;__Lib_GPIO_32F4xx.c, 974 :: 		
0x03EA	0xF0060308  AND	R3, R6, #8
0x03EE	0xB10B    CBZ	R3, L_GPIO_Config30
;__Lib_GPIO_32F4xx.c, 975 :: 		
0x03F0	0x2002    MOVS	R0, #2
0x03F2	0xE005    B	L_GPIO_Config31
L_GPIO_Config30:
;__Lib_GPIO_32F4xx.c, 976 :: 		
0x03F4	0xF0060304  AND	R3, R6, #4
0x03F8	0xB10B    CBZ	R3, L_GPIO_Config32
;__Lib_GPIO_32F4xx.c, 977 :: 		
0x03FA	0x2001    MOVS	R0, #1
0x03FC	0xE000    B	L_GPIO_Config33
L_GPIO_Config32:
;__Lib_GPIO_32F4xx.c, 979 :: 		
0x03FE	0x2000    MOVS	R0, #0
L_GPIO_Config33:
L_GPIO_Config31:
L_GPIO_Config29:
;__Lib_GPIO_32F4xx.c, 981 :: 		
0x0400	0xF4062301  AND	R3, R6, #528384
0x0404	0xB10B    CBZ	R3, L_GPIO_Config34
;__Lib_GPIO_32F4xx.c, 982 :: 		
; speed start address is: 4 (R1)
0x0406	0x2103    MOVS	R1, #3
; speed end address is: 4 (R1)
0x0408	0xE00A    B	L_GPIO_Config35
L_GPIO_Config34:
;__Lib_GPIO_32F4xx.c, 983 :: 		
0x040A	0xF4066300  AND	R3, R6, #2048
0x040E	0xB10B    CBZ	R3, L_GPIO_Config36
;__Lib_GPIO_32F4xx.c, 984 :: 		
; speed start address is: 4 (R1)
0x0410	0x2102    MOVS	R1, #2
; speed end address is: 4 (R1)
0x0412	0xE005    B	L_GPIO_Config37
L_GPIO_Config36:
;__Lib_GPIO_32F4xx.c, 985 :: 		
0x0414	0xF4066380  AND	R3, R6, #1024
0x0418	0xB10B    CBZ	R3, L_GPIO_Config38
;__Lib_GPIO_32F4xx.c, 986 :: 		
; speed start address is: 4 (R1)
0x041A	0x2101    MOVS	R1, #1
; speed end address is: 4 (R1)
0x041C	0xE000    B	L_GPIO_Config39
L_GPIO_Config38:
;__Lib_GPIO_32F4xx.c, 988 :: 		
; speed start address is: 4 (R1)
0x041E	0x2100    MOVS	R1, #0
; speed end address is: 4 (R1)
L_GPIO_Config39:
; speed start address is: 4 (R1)
; speed end address is: 4 (R1)
L_GPIO_Config37:
; speed start address is: 4 (R1)
; speed end address is: 4 (R1)
L_GPIO_Config35:
;__Lib_GPIO_32F4xx.c, 990 :: 		
; speed start address is: 4 (R1)
0x0420	0xF0060320  AND	R3, R6, #32
0x0424	0xB10B    CBZ	R3, L_GPIO_Config40
;__Lib_GPIO_32F4xx.c, 991 :: 		
; otype start address is: 8 (R2)
0x0426	0x2201    MOVS	R2, #1
; otype end address is: 8 (R2)
0x0428	0xE000    B	L_GPIO_Config41
L_GPIO_Config40:
;__Lib_GPIO_32F4xx.c, 993 :: 		
; otype start address is: 8 (R2)
0x042A	0x2200    MOVS	R2, #0
; otype end address is: 8 (R2)
L_GPIO_Config41:
;__Lib_GPIO_32F4xx.c, 995 :: 		
; otype start address is: 8 (R2)
0x042C	0xF4067380  AND	R3, R6, #256
0x0430	0xB10B    CBZ	R3, L_GPIO_Config42
;__Lib_GPIO_32F4xx.c, 996 :: 		
; pull start address is: 12 (R3)
0x0432	0x2302    MOVS	R3, #2
; pull end address is: 12 (R3)
0x0434	0xE005    B	L_GPIO_Config43
L_GPIO_Config42:
;__Lib_GPIO_32F4xx.c, 997 :: 		
0x0436	0xF0060380  AND	R3, R6, #128
0x043A	0xB10B    CBZ	R3, L_GPIO_Config44
;__Lib_GPIO_32F4xx.c, 998 :: 		
; pull start address is: 12 (R3)
0x043C	0x2301    MOVS	R3, #1
; pull end address is: 12 (R3)
0x043E	0xE000    B	L_GPIO_Config45
L_GPIO_Config44:
;__Lib_GPIO_32F4xx.c, 1000 :: 		
; pull start address is: 12 (R3)
0x0440	0x2300    MOVS	R3, #0
; pull end address is: 12 (R3)
L_GPIO_Config45:
; pull start address is: 12 (R3)
; pull end address is: 12 (R3)
L_GPIO_Config43:
;__Lib_GPIO_32F4xx.c, 1004 :: 		
; pull start address is: 12 (R3)
; pinpos start address is: 40 (R10)
0x0442	0xF2400A00  MOVW	R10, #0
; pin_mask end address is: 20 (R5)
; config end address is: 24 (R6)
; speed end address is: 4 (R1)
; otype end address is: 8 (R2)
; pull end address is: 12 (R3)
; pinpos end address is: 40 (R10)
0x0446	0x9201    STR	R2, [SP, #4]
0x0448	0xFA1FF985  UXTH	R9, R5
0x044C	0x46B0    MOV	R8, R6
0x044E	0x4606    MOV	R6, R0
0x0450	0x4618    MOV	R0, R3
0x0452	0x460A    MOV	R2, R1
0x0454	0x9901    LDR	R1, [SP, #4]
L_GPIO_Config46:
; pinpos start address is: 40 (R10)
; pin_mask start address is: 36 (R9)
; config start address is: 32 (R8)
; mode start address is: 24 (R6)
; speed start address is: 8 (R2)
; otype start address is: 4 (R1)
; otype start address is: 4 (R1)
; otype end address is: 4 (R1)
; speed start address is: 8 (R2)
; speed end address is: 8 (R2)
; mode start address is: 24 (R6)
; mode end address is: 24 (R6)
; port start address is: 28 (R7)
; port end address is: 28 (R7)
; config start address is: 32 (R8)
; config end address is: 32 (R8)
; pin_mask start address is: 36 (R9)
; pin_mask end address is: 36 (R9)
0x0456	0xF1BA0F10  CMP	R10, #16
0x045A	0xF0808087  BCS	L_GPIO_Config47
; otype end address is: 4 (R1)
; speed end address is: 8 (R2)
; mode end address is: 24 (R6)
; port end address is: 28 (R7)
; config end address is: 32 (R8)
; pin_mask end address is: 36 (R9)
;__Lib_GPIO_32F4xx.c, 1006 :: 		
; pin_mask start address is: 36 (R9)
; config start address is: 32 (R8)
; port start address is: 28 (R7)
; mode start address is: 24 (R6)
; speed start address is: 8 (R2)
; otype start address is: 4 (R1)
0x045E	0xF04F0301  MOV	R3, #1
0x0462	0xFA03F40A  LSL	R4, R3, R10
;__Lib_GPIO_32F4xx.c, 1008 :: 		
0x0466	0xEA090304  AND	R3, R9, R4, LSL #0
;__Lib_GPIO_32F4xx.c, 1010 :: 		
0x046A	0x42A3    CMP	R3, R4
0x046C	0xF040807B  BNE	L_GPIO_Config49
;__Lib_GPIO_32F4xx.c, 1012 :: 		
0x0470	0xEA4F044A  LSL	R4, R10, #1
0x0474	0xF04F0303  MOV	R3, #3
0x0478	0x40A3    LSLS	R3, R4
0x047A	0x43DC    MVN	R4, R3
0x047C	0x683B    LDR	R3, [R7, #0]
0x047E	0x4023    ANDS	R3, R4
0x0480	0x603B    STR	R3, [R7, #0]
;__Lib_GPIO_32F4xx.c, 1013 :: 		
0x0482	0xEA4F034A  LSL	R3, R10, #1
0x0486	0xFA06F403  LSL	R4, R6, R3
0x048A	0x683B    LDR	R3, [R7, #0]
0x048C	0x4323    ORRS	R3, R4
0x048E	0x603B    STR	R3, [R7, #0]
;__Lib_GPIO_32F4xx.c, 1015 :: 		
0x0490	0xF008030C  AND	R3, R8, #12
0x0494	0xB33B    CBZ	R3, L_GPIO_Config50
;__Lib_GPIO_32F4xx.c, 1018 :: 		
0x0496	0xF2070508  ADDW	R5, R7, #8
0x049A	0xEA4F044A  LSL	R4, R10, #1
0x049E	0xF04F0303  MOV	R3, #3
0x04A2	0x40A3    LSLS	R3, R4
0x04A4	0x43DC    MVN	R4, R3
0x04A6	0x682B    LDR	R3, [R5, #0]
0x04A8	0x4023    ANDS	R3, R4
0x04AA	0x602B    STR	R3, [R5, #0]
;__Lib_GPIO_32F4xx.c, 1019 :: 		
0x04AC	0xF2070508  ADDW	R5, R7, #8
0x04B0	0xEA4F034A  LSL	R3, R10, #1
0x04B4	0xFA02F403  LSL	R4, R2, R3
0x04B8	0x682B    LDR	R3, [R5, #0]
0x04BA	0x4323    ORRS	R3, R4
0x04BC	0x602B    STR	R3, [R5, #0]
;__Lib_GPIO_32F4xx.c, 1022 :: 		
0x04BE	0x1D3D    ADDS	R5, R7, #4
0x04C0	0xFA1FF48A  UXTH	R4, R10
0x04C4	0xF04F0301  MOV	R3, #1
0x04C8	0x40A3    LSLS	R3, R4
0x04CA	0x43DC    MVN	R4, R3
0x04CC	0x682B    LDR	R3, [R5, #0]
0x04CE	0x4023    ANDS	R3, R4
0x04D0	0x602B    STR	R3, [R5, #0]
;__Lib_GPIO_32F4xx.c, 1023 :: 		
0x04D2	0x1D3D    ADDS	R5, R7, #4
0x04D4	0xFA1FF48A  UXTH	R4, R10
0x04D8	0xB28B    UXTH	R3, R1
0x04DA	0xFA03F404  LSL	R4, R3, R4
0x04DE	0xB2A4    UXTH	R4, R4
0x04E0	0x682B    LDR	R3, [R5, #0]
0x04E2	0x4323    ORRS	R3, R4
0x04E4	0x602B    STR	R3, [R5, #0]
;__Lib_GPIO_32F4xx.c, 1024 :: 		
L_GPIO_Config50:
;__Lib_GPIO_32F4xx.c, 1027 :: 		
0x04E6	0xF207050C  ADDW	R5, R7, #12
0x04EA	0xFA1FF38A  UXTH	R3, R10
0x04EE	0x005C    LSLS	R4, R3, #1
0x04F0	0xB2A4    UXTH	R4, R4
0x04F2	0xF04F0303  MOV	R3, #3
0x04F6	0x40A3    LSLS	R3, R4
0x04F8	0x43DC    MVN	R4, R3
0x04FA	0x682B    LDR	R3, [R5, #0]
0x04FC	0x4023    ANDS	R3, R4
0x04FE	0x602B    STR	R3, [R5, #0]
;__Lib_GPIO_32F4xx.c, 1028 :: 		
0x0500	0xF207050C  ADDW	R5, R7, #12
0x0504	0xEA4F034A  LSL	R3, R10, #1
0x0508	0xFA00F403  LSL	R4, R0, R3
0x050C	0x682B    LDR	R3, [R5, #0]
0x050E	0x4323    ORRS	R3, R4
0x0510	0x602B    STR	R3, [R5, #0]
;__Lib_GPIO_32F4xx.c, 1030 :: 		
0x0512	0xF0080308  AND	R3, R8, #8
0x0516	0xB333    CBZ	R3, L_GPIO_Config51
;__Lib_GPIO_32F4xx.c, 1031 :: 		
0x0518	0xF4080370  AND	R3, R8, #15728640
0x051C	0x0D1B    LSRS	R3, R3, #20
0x051E	0xF88D300C  STRB	R3, [SP, #12]
;__Lib_GPIO_32F4xx.c, 1032 :: 		
0x0522	0xF1BA0F07  CMP	R10, #7
0x0526	0xD905    BLS	L_GPIO_Config52
;__Lib_GPIO_32F4xx.c, 1033 :: 		
0x0528	0xF2070324  ADDW	R3, R7, #36
0x052C	0x9302    STR	R3, [SP, #8]
;__Lib_GPIO_32F4xx.c, 1034 :: 		
0x052E	0xF1AA0508  SUB	R5, R10, #8
; pos start address is: 20 (R5)
;__Lib_GPIO_32F4xx.c, 1035 :: 		
; pos end address is: 20 (R5)
0x0532	0xE003    B	L_GPIO_Config53
L_GPIO_Config52:
;__Lib_GPIO_32F4xx.c, 1036 :: 		
0x0534	0xF2070320  ADDW	R3, R7, #32
0x0538	0x9302    STR	R3, [SP, #8]
;__Lib_GPIO_32F4xx.c, 1037 :: 		
; pos start address is: 20 (R5)
0x053A	0x4655    MOV	R5, R10
; pos end address is: 20 (R5)
;__Lib_GPIO_32F4xx.c, 1038 :: 		
L_GPIO_Config53:
;__Lib_GPIO_32F4xx.c, 1039 :: 		
; pos start address is: 20 (R5)
0x053C	0x00AC    LSLS	R4, R5, #2
0x053E	0xF04F030F  MOV	R3, #15
0x0542	0x40A3    LSLS	R3, R4
0x0544	0x43DC    MVN	R4, R3
0x0546	0x9B02    LDR	R3, [SP, #8]
0x0548	0x681B    LDR	R3, [R3, #0]
0x054A	0xEA030404  AND	R4, R3, R4, LSL #0
0x054E	0x9B02    LDR	R3, [SP, #8]
0x0550	0x601C    STR	R4, [R3, #0]
;__Lib_GPIO_32F4xx.c, 1040 :: 		
0x0552	0xF89D400C  LDRB	R4, [SP, #12]
0x0556	0x00AB    LSLS	R3, R5, #2
; pos end address is: 20 (R5)
0x0558	0x409C    LSLS	R4, R3
0x055A	0x9B02    LDR	R3, [SP, #8]
0x055C	0x681B    LDR	R3, [R3, #0]
0x055E	0xEA430404  ORR	R4, R3, R4, LSL #0
0x0562	0x9B02    LDR	R3, [SP, #8]
0x0564	0x601C    STR	R4, [R3, #0]
;__Lib_GPIO_32F4xx.c, 1041 :: 		
L_GPIO_Config51:
;__Lib_GPIO_32F4xx.c, 1043 :: 		
L_GPIO_Config49:
;__Lib_GPIO_32F4xx.c, 1004 :: 		
0x0566	0xF10A0A01  ADD	R10, R10, #1
;__Lib_GPIO_32F4xx.c, 1044 :: 		
; otype end address is: 4 (R1)
; speed end address is: 8 (R2)
; mode end address is: 24 (R6)
; port end address is: 28 (R7)
; config end address is: 32 (R8)
; pin_mask end address is: 36 (R9)
; pinpos end address is: 40 (R10)
0x056A	0xE774    B	L_GPIO_Config46
L_GPIO_Config47:
;__Lib_GPIO_32F4xx.c, 1045 :: 		
L_end_GPIO_Config:
0x056C	0xF8DDE000  LDR	LR, [SP, #0]
0x0570	0xB004    ADD	SP, SP, #16
0x0572	0x4770    BX	LR
0x0574	0xFC00FFFF  	#-1024
0x0578	0x0000FFFF  	#-65536
0x057C	0x00140008  	#524308
; end of _GPIO_Config
_GPIO_Clk_Enable:
;__Lib_GPIO_32F4xx.c, 884 :: 		
0x0188	0xB081    SUB	SP, SP, #4
;__Lib_GPIO_32F4xx.c, 886 :: 		
0x018A	0x491E    LDR	R1, [PC, #120]
0x018C	0xEA000101  AND	R1, R0, R1, LSL #0
0x0190	0x4608    MOV	R0, R1
;__Lib_GPIO_32F4xx.c, 887 :: 		
; pos start address is: 8 (R2)
0x0192	0x2200    MOVS	R2, #0
;__Lib_GPIO_32F4xx.c, 888 :: 		
0x0194	0xE012    B	L_GPIO_Clk_Enable0
; pos end address is: 8 (R2)
;__Lib_GPIO_32F4xx.c, 889 :: 		
L_GPIO_Clk_Enable2:
0x0196	0x2001    MOVS	R0, #1
0x0198	0xE02C    B	L_GPIO_Clk_Enable1
;__Lib_GPIO_32F4xx.c, 890 :: 		
L_GPIO_Clk_Enable3:
0x019A	0x2002    MOVS	R0, #2
0x019C	0xE02A    B	L_GPIO_Clk_Enable1
;__Lib_GPIO_32F4xx.c, 891 :: 		
L_GPIO_Clk_Enable4:
0x019E	0x2004    MOVS	R0, #4
0x01A0	0xE028    B	L_GPIO_Clk_Enable1
;__Lib_GPIO_32F4xx.c, 892 :: 		
L_GPIO_Clk_Enable5:
0x01A2	0x2008    MOVS	R0, #8
0x01A4	0xE026    B	L_GPIO_Clk_Enable1
;__Lib_GPIO_32F4xx.c, 893 :: 		
L_GPIO_Clk_Enable6:
0x01A6	0x2010    MOVS	R0, #16
0x01A8	0xE024    B	L_GPIO_Clk_Enable1
;__Lib_GPIO_32F4xx.c, 894 :: 		
L_GPIO_Clk_Enable7:
0x01AA	0x2020    MOVS	R0, #32
0x01AC	0xE022    B	L_GPIO_Clk_Enable1
;__Lib_GPIO_32F4xx.c, 895 :: 		
L_GPIO_Clk_Enable8:
0x01AE	0x2040    MOVS	R0, #64
0x01B0	0xE020    B	L_GPIO_Clk_Enable1
;__Lib_GPIO_32F4xx.c, 896 :: 		
L_GPIO_Clk_Enable9:
0x01B2	0x2080    MOVS	R0, #128
0x01B4	0xE01E    B	L_GPIO_Clk_Enable1
;__Lib_GPIO_32F4xx.c, 897 :: 		
L_GPIO_Clk_Enable10:
0x01B6	0xF2401000  MOVW	R0, #256
0x01BA	0xE01B    B	L_GPIO_Clk_Enable1
;__Lib_GPIO_32F4xx.c, 898 :: 		
L_GPIO_Clk_Enable0:
; pos start address is: 8 (R2)
0x01BC	0x4912    LDR	R1, [PC, #72]
0x01BE	0x4288    CMP	R0, R1
0x01C0	0xD0E9    BEQ	L_GPIO_Clk_Enable2
0x01C2	0x4912    LDR	R1, [PC, #72]
0x01C4	0x4288    CMP	R0, R1
0x01C6	0xD0E8    BEQ	L_GPIO_Clk_Enable3
0x01C8	0x4911    LDR	R1, [PC, #68]
0x01CA	0x4288    CMP	R0, R1
0x01CC	0xD0E7    BEQ	L_GPIO_Clk_Enable4
0x01CE	0x4911    LDR	R1, [PC, #68]
0x01D0	0x4288    CMP	R0, R1
0x01D2	0xD0E6    BEQ	L_GPIO_Clk_Enable5
0x01D4	0x4910    LDR	R1, [PC, #64]
0x01D6	0x4288    CMP	R0, R1
0x01D8	0xD0E5    BEQ	L_GPIO_Clk_Enable6
0x01DA	0x4910    LDR	R1, [PC, #64]
0x01DC	0x4288    CMP	R0, R1
0x01DE	0xD0E4    BEQ	L_GPIO_Clk_Enable7
0x01E0	0x490F    LDR	R1, [PC, #60]
0x01E2	0x4288    CMP	R0, R1
0x01E4	0xD0E3    BEQ	L_GPIO_Clk_Enable8
0x01E6	0x490F    LDR	R1, [PC, #60]
0x01E8	0x4288    CMP	R0, R1
0x01EA	0xD0E2    BEQ	L_GPIO_Clk_Enable9
0x01EC	0x490E    LDR	R1, [PC, #56]
0x01EE	0x4288    CMP	R0, R1
0x01F0	0xD0E1    BEQ	L_GPIO_Clk_Enable10
; pos end address is: 8 (R2)
0x01F2	0x4610    MOV	R0, R2
L_GPIO_Clk_Enable1:
;__Lib_GPIO_32F4xx.c, 900 :: 		
0x01F4	0x490D    LDR	R1, [PC, #52]
0x01F6	0x6809    LDR	R1, [R1, #0]
0x01F8	0xEA410200  ORR	R2, R1, R0, LSL #0
0x01FC	0x490B    LDR	R1, [PC, #44]
0x01FE	0x600A    STR	R2, [R1, #0]
;__Lib_GPIO_32F4xx.c, 901 :: 		
L_end_GPIO_Clk_Enable:
0x0200	0xB001    ADD	SP, SP, #4
0x0202	0x4770    BX	LR
0x0204	0xFC00FFFF  	#-1024
0x0208	0x00004002  	#1073872896
0x020C	0x04004002  	#1073873920
0x0210	0x08004002  	#1073874944
0x0214	0x0C004002  	#1073875968
0x0218	0x10004002  	#1073876992
0x021C	0x14004002  	#1073878016
0x0220	0x18004002  	#1073879040
0x0224	0x1C004002  	#1073880064
0x0228	0x20004002  	#1073881088
0x022C	0x38304002  	RCC_AHB1ENR+0
; end of _GPIO_Clk_Enable
_Motor1Move:
;TimblerBotDrive.c, 220 :: 		void Motor1Move(int speed, int direction)
; direction start address is: 4 (R1)
0x0654	0xB081    SUB	SP, SP, #4
0x0656	0xF8CDE000  STR	LR, [SP, #0]
0x065A	0xB204    SXTH	R4, R0
; direction end address is: 4 (R1)
; speed start address is: 16 (R4)
; direction start address is: 4 (R1)
;TimblerBotDrive.c, 222 :: 		switch(direction)
0x065C	0xE01D    B	L_Motor1Move30
; direction end address is: 4 (R1)
;TimblerBotDrive.c, 224 :: 		case FORWARD:
L_Motor1Move32:
;TimblerBotDrive.c, 226 :: 		M1Step();
0x065E	0xF7FFFE11  BL	_M1Step+0
;TimblerBotDrive.c, 227 :: 		m1State++;
0x0662	0x4B13    LDR	R3, [PC, #76]
0x0664	0xF9B32000  LDRSH	R2, [R3, #0]
0x0668	0x1C52    ADDS	R2, R2, #1
0x066A	0xB212    SXTH	R2, R2
0x066C	0x801A    STRH	R2, [R3, #0]
;TimblerBotDrive.c, 228 :: 		if(m1State > 4) m1State =0;
0x066E	0x2A04    CMP	R2, #4
0x0670	0xDD03    BLE	L_Motor1Move33
0x0672	0x2300    MOVS	R3, #0
0x0674	0xB21B    SXTH	R3, R3
0x0676	0x4A0E    LDR	R2, [PC, #56]
0x0678	0x8013    STRH	R3, [R2, #0]
L_Motor1Move33:
;TimblerBotDrive.c, 229 :: 		break;
0x067A	0xE012    B	L_Motor1Move31
;TimblerBotDrive.c, 230 :: 		case BACKWARD:
L_Motor1Move34:
;TimblerBotDrive.c, 232 :: 		M1Step();
0x067C	0xF7FFFE02  BL	_M1Step+0
;TimblerBotDrive.c, 233 :: 		m1State--;
0x0680	0x4B0B    LDR	R3, [PC, #44]
0x0682	0xF9B32000  LDRSH	R2, [R3, #0]
0x0686	0x1E52    SUBS	R2, R2, #1
0x0688	0xB212    SXTH	R2, R2
0x068A	0x801A    STRH	R2, [R3, #0]
;TimblerBotDrive.c, 234 :: 		if(m1State > 4) m1State =0;
0x068C	0x2A04    CMP	R2, #4
0x068E	0xDD03    BLE	L_Motor1Move35
0x0690	0x2300    MOVS	R3, #0
0x0692	0xB21B    SXTH	R3, R3
0x0694	0x4A06    LDR	R2, [PC, #24]
0x0696	0x8013    STRH	R3, [R2, #0]
L_Motor1Move35:
;TimblerBotDrive.c, 235 :: 		break;
0x0698	0xE003    B	L_Motor1Move31
;TimblerBotDrive.c, 236 :: 		}
L_Motor1Move30:
; direction start address is: 4 (R1)
0x069A	0x2900    CMP	R1, #0
0x069C	0xD0DF    BEQ	L_Motor1Move32
0x069E	0x2901    CMP	R1, #1
0x06A0	0xD0EC    BEQ	L_Motor1Move34
; direction end address is: 4 (R1)
L_Motor1Move31:
;TimblerBotDrive.c, 237 :: 		Vdelay_ms(speed);
0x06A2	0xB220    SXTH	R0, R4
; speed end address is: 16 (R4)
0x06A4	0xF7FFFDD4  BL	_VDelay_ms+0
;TimblerBotDrive.c, 238 :: 		}
L_end_Motor1Move:
0x06A8	0xF8DDE000  LDR	LR, [SP, #0]
0x06AC	0xB001    ADD	SP, SP, #4
0x06AE	0x4770    BX	LR
0x06B0	0x00002000  	_m1State+0
; end of _Motor1Move
_M1Step:
;TimblerBotDrive.c, 62 :: 		void M1Step()
;TimblerBotDrive.c, 64 :: 		switch(m1State)
0x0284	0xE03E    B	L_M1Step0
;TimblerBotDrive.c, 66 :: 		case 0:
L_M1Step2:
;TimblerBotDrive.c, 67 :: 		m1s1 = 0;
0x0286	0x2100    MOVS	R1, #0
0x0288	0xB249    SXTB	R1, R1
0x028A	0x482C    LDR	R0, [PC, #176]
0x028C	0x6001    STR	R1, [R0, #0]
;TimblerBotDrive.c, 68 :: 		m1s2 = 0;
0x028E	0x482C    LDR	R0, [PC, #176]
0x0290	0x6001    STR	R1, [R0, #0]
;TimblerBotDrive.c, 69 :: 		m1s3 = 0;
0x0292	0x482C    LDR	R0, [PC, #176]
0x0294	0x6001    STR	R1, [R0, #0]
;TimblerBotDrive.c, 70 :: 		m1s4 = 0;
0x0296	0x482C    LDR	R0, [PC, #176]
0x0298	0x6001    STR	R1, [R0, #0]
;TimblerBotDrive.c, 71 :: 		break;
0x029A	0xE04D    B	L_M1Step1
;TimblerBotDrive.c, 72 :: 		case 1:
L_M1Step3:
;TimblerBotDrive.c, 73 :: 		m1s1 = 1;
0x029C	0x2101    MOVS	R1, #1
0x029E	0xB249    SXTB	R1, R1
0x02A0	0x4826    LDR	R0, [PC, #152]
0x02A2	0x6001    STR	R1, [R0, #0]
;TimblerBotDrive.c, 74 :: 		m1s2 = 0;
0x02A4	0x2100    MOVS	R1, #0
0x02A6	0xB249    SXTB	R1, R1
0x02A8	0x4825    LDR	R0, [PC, #148]
0x02AA	0x6001    STR	R1, [R0, #0]
;TimblerBotDrive.c, 75 :: 		m1s3 = 0;
0x02AC	0x4825    LDR	R0, [PC, #148]
0x02AE	0x6001    STR	R1, [R0, #0]
;TimblerBotDrive.c, 76 :: 		m1s4 = 0;
0x02B0	0x4825    LDR	R0, [PC, #148]
0x02B2	0x6001    STR	R1, [R0, #0]
;TimblerBotDrive.c, 77 :: 		break;
0x02B4	0xE040    B	L_M1Step1
;TimblerBotDrive.c, 78 :: 		case 2:
L_M1Step4:
;TimblerBotDrive.c, 79 :: 		m1s1 = 0;
0x02B6	0x2200    MOVS	R2, #0
0x02B8	0xB252    SXTB	R2, R2
0x02BA	0x4820    LDR	R0, [PC, #128]
0x02BC	0x6002    STR	R2, [R0, #0]
;TimblerBotDrive.c, 80 :: 		m1s2 = 1;
0x02BE	0x2101    MOVS	R1, #1
0x02C0	0xB249    SXTB	R1, R1
0x02C2	0x481F    LDR	R0, [PC, #124]
0x02C4	0x6001    STR	R1, [R0, #0]
;TimblerBotDrive.c, 81 :: 		m1s3 = 0;
0x02C6	0x481F    LDR	R0, [PC, #124]
0x02C8	0x6002    STR	R2, [R0, #0]
;TimblerBotDrive.c, 82 :: 		m1s4 = 0;
0x02CA	0x481F    LDR	R0, [PC, #124]
0x02CC	0x6002    STR	R2, [R0, #0]
;TimblerBotDrive.c, 83 :: 		break;
0x02CE	0xE033    B	L_M1Step1
;TimblerBotDrive.c, 84 :: 		case 3:
L_M1Step5:
;TimblerBotDrive.c, 85 :: 		m1s1 = 0;
0x02D0	0x2200    MOVS	R2, #0
0x02D2	0xB252    SXTB	R2, R2
0x02D4	0x4819    LDR	R0, [PC, #100]
0x02D6	0x6002    STR	R2, [R0, #0]
;TimblerBotDrive.c, 86 :: 		m1s2 = 0;
0x02D8	0x4819    LDR	R0, [PC, #100]
0x02DA	0x6002    STR	R2, [R0, #0]
;TimblerBotDrive.c, 87 :: 		m1s3 = 1;
0x02DC	0x2101    MOVS	R1, #1
0x02DE	0xB249    SXTB	R1, R1
0x02E0	0x4818    LDR	R0, [PC, #96]
0x02E2	0x6001    STR	R1, [R0, #0]
;TimblerBotDrive.c, 88 :: 		m1s4 = 0;
0x02E4	0x4818    LDR	R0, [PC, #96]
0x02E6	0x6002    STR	R2, [R0, #0]
;TimblerBotDrive.c, 89 :: 		break;
0x02E8	0xE026    B	L_M1Step1
;TimblerBotDrive.c, 90 :: 		case 4:
L_M1Step6:
;TimblerBotDrive.c, 91 :: 		m1s1 = 0;
0x02EA	0x2100    MOVS	R1, #0
0x02EC	0xB249    SXTB	R1, R1
0x02EE	0x4813    LDR	R0, [PC, #76]
0x02F0	0x6001    STR	R1, [R0, #0]
;TimblerBotDrive.c, 92 :: 		m1s2 = 0;
0x02F2	0x4813    LDR	R0, [PC, #76]
0x02F4	0x6001    STR	R1, [R0, #0]
;TimblerBotDrive.c, 93 :: 		m1s3 = 0;
0x02F6	0x4813    LDR	R0, [PC, #76]
0x02F8	0x6001    STR	R1, [R0, #0]
;TimblerBotDrive.c, 94 :: 		m1s4 = 1;
0x02FA	0x2101    MOVS	R1, #1
0x02FC	0xB249    SXTB	R1, R1
0x02FE	0x4812    LDR	R0, [PC, #72]
0x0300	0x6001    STR	R1, [R0, #0]
;TimblerBotDrive.c, 95 :: 		break;
0x0302	0xE019    B	L_M1Step1
;TimblerBotDrive.c, 97 :: 		}
L_M1Step0:
0x0304	0x4811    LDR	R0, [PC, #68]
0x0306	0xF9B00000  LDRSH	R0, [R0, #0]
0x030A	0x2800    CMP	R0, #0
0x030C	0xF43FAFBB  BEQ	L_M1Step2
0x0310	0x480E    LDR	R0, [PC, #56]
0x0312	0xF9B00000  LDRSH	R0, [R0, #0]
0x0316	0x2801    CMP	R0, #1
0x0318	0xD0C0    BEQ	L_M1Step3
0x031A	0x480C    LDR	R0, [PC, #48]
0x031C	0xF9B00000  LDRSH	R0, [R0, #0]
0x0320	0x2802    CMP	R0, #2
0x0322	0xD0C8    BEQ	L_M1Step4
0x0324	0x4809    LDR	R0, [PC, #36]
0x0326	0xF9B00000  LDRSH	R0, [R0, #0]
0x032A	0x2803    CMP	R0, #3
0x032C	0xD0D0    BEQ	L_M1Step5
0x032E	0x4807    LDR	R0, [PC, #28]
0x0330	0xF9B00000  LDRSH	R0, [R0, #0]
0x0334	0x2804    CMP	R0, #4
0x0336	0xD0D8    BEQ	L_M1Step6
L_M1Step1:
;TimblerBotDrive.c, 98 :: 		}
L_end_M1Step:
0x0338	0x4770    BX	LR
0x033A	0xBF00    NOP
0x033C	0x82944240  	ODR5_GPIOB_ODR_bit+0
0x0340	0x82B44240  	ODR13_GPIOB_ODR_bit+0
0x0344	0x82804240  	ODR0_GPIOB_ODR_bit+0
0x0348	0x82844240  	ODR1_GPIOB_ODR_bit+0
0x034C	0x00002000  	_m1State+0
; end of _M1Step
_VDelay_ms:
;__Lib_Delays.c, 83 :: 		void VDelay_ms(unsigned long Time_ms){ // Time_ms parameter range: min = 1, max = 4294967295
0x0250	0xB081    SUB	SP, SP, #4
0x0252	0xF8CDE000  STR	LR, [SP, #0]
;__Lib_Delays.c, 87 :: 		NumberOfCyc *= Time_ms;     // total number of cycles
0x0256	0x490A    LDR	R1, [PC, #40]
0x0258	0xFB01F200  MUL	R2, R1, R0
;__Lib_Delays.c, 88 :: 		Delay_Cyc(NumberOfCyc / 10 - 3);
0x025C	0x210A    MOVS	R1, #10
0x025E	0xFBB2F1F1  UDIV	R1, R2, R1
0x0262	0x1EC9    SUBS	R1, R1, #3
0x0264	0x4608    MOV	R0, R1
0x0266	0xF7FFFFE3  BL	_Delay_Cyc+0
;__Lib_Delays.c, 90 :: 		nop
0x026A	0xBF00    NOP
;__Lib_Delays.c, 91 :: 		nop
0x026C	0xBF00    NOP
;__Lib_Delays.c, 92 :: 		nop
0x026E	0xBF00    NOP
;__Lib_Delays.c, 93 :: 		nop
0x0270	0xBF00    NOP
;__Lib_Delays.c, 94 :: 		nop
0x0272	0xBF00    NOP
;__Lib_Delays.c, 95 :: 		nop
0x0274	0xBF00    NOP
;__Lib_Delays.c, 97 :: 		}
L_end_VDelay_ms:
0x0276	0xF8DDE000  LDR	LR, [SP, #0]
0x027A	0xB001    ADD	SP, SP, #4
0x027C	0x4770    BX	LR
0x027E	0xBF00    NOP
0x0280	0xD4C00001  	#120000
; end of _VDelay_ms
_Delay_Cyc:
;__Lib_Delays.c, 66 :: 		void Delay_Cyc(unsigned long cycles_div_by_10){  // Cycles_div_by_10 parameter range: min = 1, max = 4294967295
0x0230	0xB081    SUB	SP, SP, #4
;__Lib_Delays.c, 68 :: 		nop.w
0x0232	0xF3AF8000  NOP
;__Lib_Delays.c, 69 :: 		subs R0,R0,#1
0x0236	0x1E40    SUBS	R0, R0, #1
;__Lib_Delays.c, 70 :: 		label1:
label1:
;__Lib_Delays.c, 71 :: 		subs R0,R0,#1
0x0238	0x1E40    SUBS	R0, R0, #1
;__Lib_Delays.c, 72 :: 		nop
0x023A	0xBF00    NOP
;__Lib_Delays.c, 73 :: 		nop
0x023C	0xBF00    NOP
;__Lib_Delays.c, 74 :: 		nop
0x023E	0xBF00    NOP
;__Lib_Delays.c, 75 :: 		nop
0x0240	0xBF00    NOP
;__Lib_Delays.c, 76 :: 		nop
0x0242	0xBF00    NOP
;__Lib_Delays.c, 77 :: 		nop
0x0244	0xBF00    NOP
;__Lib_Delays.c, 78 :: 		nop
0x0246	0xBF00    NOP
;__Lib_Delays.c, 79 :: 		bne label1
0x0248	0xD1F6    BNE	label1
;__Lib_Delays.c, 81 :: 		}
L_end_Delay_Cyc:
0x024A	0xB001    ADD	SP, SP, #4
0x024C	0x4770    BX	LR
; end of _Delay_Cyc
_Wait:
;TimblerBotDrive.c, 216 :: 		void Wait() {
;TimblerBotDrive.c, 217 :: 		Delay_ms(10);
0x0620	0xF641277E  MOVW	R7, #6782
0x0624	0xF2C00706  MOVT	R7, #6
L_Wait28:
0x0628	0x1E7F    SUBS	R7, R7, #1
0x062A	0xD1FD    BNE	L_Wait28
0x062C	0xBF00    NOP
0x062E	0xBF00    NOP
0x0630	0xBF00    NOP
0x0632	0xBF00    NOP
0x0634	0xBF00    NOP
;TimblerBotDrive.c, 218 :: 		}
L_end_Wait:
0x0636	0x4770    BX	LR
; end of _Wait
___CC2DW:
;__Lib_System_4XX.c, 25 :: 		
0x0580	0xB081    SUB	SP, SP, #4
;__Lib_System_4XX.c, 27 :: 		
L_loopDW:
;__Lib_System_4XX.c, 28 :: 		
0x0582	0xF81C9B01  LDRB	R9, [R12], #1
;__Lib_System_4XX.c, 29 :: 		
0x0586	0xF80B9B01  STRB	R9, [R11], #1
;__Lib_System_4XX.c, 30 :: 		
0x058A	0xEBBB0F0A  CMP	R11, R10, LSL #0
;__Lib_System_4XX.c, 31 :: 		
0x058E	0xD1F8    BNE	L_loopDW
;__Lib_System_4XX.c, 33 :: 		
L_end___CC2DW:
0x0590	0xB001    ADD	SP, SP, #4
0x0592	0x4770    BX	LR
; end of ___CC2DW
___FillZeros:
;__Lib_System_4XX.c, 67 :: 		
0x05E0	0xB081    SUB	SP, SP, #4
;__Lib_System_4XX.c, 69 :: 		
0x05E2	0xF04F0900  MOV	R9, #0
;__Lib_System_4XX.c, 70 :: 		
0x05E6	0xF04F0C00  MOV	R12, #0
;__Lib_System_4XX.c, 71 :: 		
0x05EA	0xEBBD0F0A  CMP	SP, R10, LSL #0
;__Lib_System_4XX.c, 72 :: 		
0x05EE	0xDC04    BGT	L_loopFZs
;__Lib_System_4XX.c, 73 :: 		
0x05F0	0xEBBD0F0B  CMP	SP, R11, LSL #0
;__Lib_System_4XX.c, 74 :: 		
0x05F4	0xDB01    BLT	L_loopFZs
;__Lib_System_4XX.c, 75 :: 		
0x05F6	0x46D4    MOV	R12, R10
;__Lib_System_4XX.c, 76 :: 		
0x05F8	0x46EA    MOV	R10, SP
;__Lib_System_4XX.c, 77 :: 		
L_loopFZs:
;__Lib_System_4XX.c, 78 :: 		
0x05FA	0xF84B9B04  STR	R9, [R11], #4
;__Lib_System_4XX.c, 79 :: 		
0x05FE	0xEBBB0F0A  CMP	R11, R10, LSL #0
;__Lib_System_4XX.c, 80 :: 		
0x0602	0xD1FA    BNE	L_loopFZs
;__Lib_System_4XX.c, 81 :: 		
0x0604	0xEBBC0F0A  CMP	R12, R10, LSL #0
;__Lib_System_4XX.c, 82 :: 		
0x0608	0xDD05    BLE	L_norep
;__Lib_System_4XX.c, 83 :: 		
0x060A	0x46E2    MOV	R10, R12
;__Lib_System_4XX.c, 84 :: 		
0x060C	0xF8D9B000  LDR	R11, [R9, #0]
;__Lib_System_4XX.c, 85 :: 		
0x0610	0xF10B0B04  ADD	R11, R11, #4
;__Lib_System_4XX.c, 86 :: 		
0x0614	0xE7F1    B	L_loopFZs
;__Lib_System_4XX.c, 87 :: 		
L_norep:
;__Lib_System_4XX.c, 89 :: 		
L_end___FillZeros:
0x0616	0xB001    ADD	SP, SP, #4
0x0618	0x4770    BX	LR
; end of ___FillZeros
__Lib_System_4XX_InitialSetUpRCCRCC2:
;__Lib_System_4XX.c, 404 :: 		
0x070C	0xB082    SUB	SP, SP, #8
0x070E	0xF8CDE000  STR	LR, [SP, #0]
;__Lib_System_4XX.c, 407 :: 		
; ulRCC_CR start address is: 8 (R2)
0x0712	0x4A92    LDR	R2, [PC, #584]
;__Lib_System_4XX.c, 408 :: 		
; ulRCC_PLLCFGR start address is: 12 (R3)
0x0714	0x4B92    LDR	R3, [PC, #584]
;__Lib_System_4XX.c, 409 :: 		
; ulRCC_CFGR start address is: 16 (R4)
0x0716	0x4C93    LDR	R4, [PC, #588]
;__Lib_System_4XX.c, 410 :: 		
0x0718	0x4893    LDR	R0, [PC, #588]
;__Lib_System_4XX.c, 411 :: 		
; Fosc_kHz start address is: 4 (R1)
0x071A	0x4994    LDR	R1, [PC, #592]
;__Lib_System_4XX.c, 413 :: 		
0x071C	0x2803    CMP	R0, #3
0x071E	0xF040803C  BNE	L___Lib_System_4XX_InitialSetUpRCCRCC228
;__Lib_System_4XX.c, 414 :: 		
0x0722	0x4893    LDR	R0, [PC, #588]
0x0724	0x4281    CMP	R1, R0
0x0726	0xD906    BLS	L___Lib_System_4XX_InitialSetUpRCCRCC229
; Fosc_kHz end address is: 4 (R1)
;__Lib_System_4XX.c, 415 :: 		
0x0728	0x4892    LDR	R0, [PC, #584]
0x072A	0x6800    LDR	R0, [R0, #0]
0x072C	0xF0400105  ORR	R1, R0, #5
0x0730	0x4890    LDR	R0, [PC, #576]
0x0732	0x6001    STR	R1, [R0, #0]
0x0734	0xE030    B	L___Lib_System_4XX_InitialSetUpRCCRCC230
L___Lib_System_4XX_InitialSetUpRCCRCC229:
;__Lib_System_4XX.c, 416 :: 		
; Fosc_kHz start address is: 4 (R1)
0x0736	0x4890    LDR	R0, [PC, #576]
0x0738	0x4281    CMP	R1, R0
0x073A	0xD906    BLS	L___Lib_System_4XX_InitialSetUpRCCRCC231
; Fosc_kHz end address is: 4 (R1)
;__Lib_System_4XX.c, 417 :: 		
0x073C	0x488D    LDR	R0, [PC, #564]
0x073E	0x6800    LDR	R0, [R0, #0]
0x0740	0xF0400104  ORR	R1, R0, #4
0x0744	0x488B    LDR	R0, [PC, #556]
0x0746	0x6001    STR	R1, [R0, #0]
0x0748	0xE026    B	L___Lib_System_4XX_InitialSetUpRCCRCC232
L___Lib_System_4XX_InitialSetUpRCCRCC231:
;__Lib_System_4XX.c, 418 :: 		
; Fosc_kHz start address is: 4 (R1)
0x074A	0x488C    LDR	R0, [PC, #560]
0x074C	0x4281    CMP	R1, R0
0x074E	0xD906    BLS	L___Lib_System_4XX_InitialSetUpRCCRCC233
; Fosc_kHz end address is: 4 (R1)
;__Lib_System_4XX.c, 419 :: 		
0x0750	0x4888    LDR	R0, [PC, #544]
0x0752	0x6800    LDR	R0, [R0, #0]
0x0754	0xF0400103  ORR	R1, R0, #3
0x0758	0x4886    LDR	R0, [PC, #536]
0x075A	0x6001    STR	R1, [R0, #0]
0x075C	0xE01C    B	L___Lib_System_4XX_InitialSetUpRCCRCC234
L___Lib_System_4XX_InitialSetUpRCCRCC233:
;__Lib_System_4XX.c, 420 :: 		
; Fosc_kHz start address is: 4 (R1)
0x075E	0xF64E2060  MOVW	R0, #60000
0x0762	0x4281    CMP	R1, R0
0x0764	0xD906    BLS	L___Lib_System_4XX_InitialSetUpRCCRCC235
; Fosc_kHz end address is: 4 (R1)
;__Lib_System_4XX.c, 421 :: 		
0x0766	0x4883    LDR	R0, [PC, #524]
0x0768	0x6800    LDR	R0, [R0, #0]
0x076A	0xF0400102  ORR	R1, R0, #2
0x076E	0x4881    LDR	R0, [PC, #516]
0x0770	0x6001    STR	R1, [R0, #0]
0x0772	0xE011    B	L___Lib_System_4XX_InitialSetUpRCCRCC236
L___Lib_System_4XX_InitialSetUpRCCRCC235:
;__Lib_System_4XX.c, 422 :: 		
; Fosc_kHz start address is: 4 (R1)
0x0774	0xF2475030  MOVW	R0, #30000
0x0778	0x4281    CMP	R1, R0
0x077A	0xD906    BLS	L___Lib_System_4XX_InitialSetUpRCCRCC237
; Fosc_kHz end address is: 4 (R1)
;__Lib_System_4XX.c, 423 :: 		
0x077C	0x487D    LDR	R0, [PC, #500]
0x077E	0x6800    LDR	R0, [R0, #0]
0x0780	0xF0400101  ORR	R1, R0, #1
0x0784	0x487B    LDR	R0, [PC, #492]
0x0786	0x6001    STR	R1, [R0, #0]
0x0788	0xE006    B	L___Lib_System_4XX_InitialSetUpRCCRCC238
L___Lib_System_4XX_InitialSetUpRCCRCC237:
;__Lib_System_4XX.c, 425 :: 		
0x078A	0x487A    LDR	R0, [PC, #488]
0x078C	0x6801    LDR	R1, [R0, #0]
0x078E	0xF06F0007  MVN	R0, #7
0x0792	0x4001    ANDS	R1, R0
0x0794	0x4877    LDR	R0, [PC, #476]
0x0796	0x6001    STR	R1, [R0, #0]
L___Lib_System_4XX_InitialSetUpRCCRCC238:
L___Lib_System_4XX_InitialSetUpRCCRCC236:
L___Lib_System_4XX_InitialSetUpRCCRCC234:
L___Lib_System_4XX_InitialSetUpRCCRCC232:
L___Lib_System_4XX_InitialSetUpRCCRCC230:
;__Lib_System_4XX.c, 426 :: 		
0x0798	0xE10C    B	L___Lib_System_4XX_InitialSetUpRCCRCC239
L___Lib_System_4XX_InitialSetUpRCCRCC228:
;__Lib_System_4XX.c, 427 :: 		
; Fosc_kHz start address is: 4 (R1)
0x079A	0x2802    CMP	R0, #2
0x079C	0xF0408046  BNE	L___Lib_System_4XX_InitialSetUpRCCRCC240
;__Lib_System_4XX.c, 428 :: 		
0x07A0	0x4877    LDR	R0, [PC, #476]
0x07A2	0x4281    CMP	R1, R0
0x07A4	0xD906    BLS	L___Lib_System_4XX_InitialSetUpRCCRCC241
; Fosc_kHz end address is: 4 (R1)
;__Lib_System_4XX.c, 429 :: 		
0x07A6	0x4873    LDR	R0, [PC, #460]
0x07A8	0x6800    LDR	R0, [R0, #0]
0x07AA	0xF0400106  ORR	R1, R0, #6
0x07AE	0x4871    LDR	R0, [PC, #452]
0x07B0	0x6001    STR	R1, [R0, #0]
0x07B2	0xE03A    B	L___Lib_System_4XX_InitialSetUpRCCRCC242
L___Lib_System_4XX_InitialSetUpRCCRCC241:
;__Lib_System_4XX.c, 430 :: 		
; Fosc_kHz start address is: 4 (R1)
0x07B4	0x4870    LDR	R0, [PC, #448]
0x07B6	0x4281    CMP	R1, R0
0x07B8	0xD906    BLS	L___Lib_System_4XX_InitialSetUpRCCRCC243
; Fosc_kHz end address is: 4 (R1)
;__Lib_System_4XX.c, 431 :: 		
0x07BA	0x486E    LDR	R0, [PC, #440]
0x07BC	0x6800    LDR	R0, [R0, #0]
0x07BE	0xF0400105  ORR	R1, R0, #5
0x07C2	0x486C    LDR	R0, [PC, #432]
0x07C4	0x6001    STR	R1, [R0, #0]
0x07C6	0xE030    B	L___Lib_System_4XX_InitialSetUpRCCRCC244
L___Lib_System_4XX_InitialSetUpRCCRCC243:
;__Lib_System_4XX.c, 432 :: 		
; Fosc_kHz start address is: 4 (R1)
0x07C8	0x486E    LDR	R0, [PC, #440]
0x07CA	0x4281    CMP	R1, R0
0x07CC	0xD906    BLS	L___Lib_System_4XX_InitialSetUpRCCRCC245
; Fosc_kHz end address is: 4 (R1)
;__Lib_System_4XX.c, 433 :: 		
0x07CE	0x4869    LDR	R0, [PC, #420]
0x07D0	0x6800    LDR	R0, [R0, #0]
0x07D2	0xF0400104  ORR	R1, R0, #4
0x07D6	0x4867    LDR	R0, [PC, #412]
0x07D8	0x6001    STR	R1, [R0, #0]
0x07DA	0xE026    B	L___Lib_System_4XX_InitialSetUpRCCRCC246
L___Lib_System_4XX_InitialSetUpRCCRCC245:
;__Lib_System_4XX.c, 434 :: 		
; Fosc_kHz start address is: 4 (R1)
0x07DC	0x486A    LDR	R0, [PC, #424]
0x07DE	0x4281    CMP	R1, R0
0x07E0	0xD906    BLS	L___Lib_System_4XX_InitialSetUpRCCRCC247
; Fosc_kHz end address is: 4 (R1)
;__Lib_System_4XX.c, 435 :: 		
0x07E2	0x4864    LDR	R0, [PC, #400]
0x07E4	0x6800    LDR	R0, [R0, #0]
0x07E6	0xF0400103  ORR	R1, R0, #3
0x07EA	0x4862    LDR	R0, [PC, #392]
0x07EC	0x6001    STR	R1, [R0, #0]
0x07EE	0xE01C    B	L___Lib_System_4XX_InitialSetUpRCCRCC248
L___Lib_System_4XX_InitialSetUpRCCRCC247:
;__Lib_System_4XX.c, 436 :: 		
; Fosc_kHz start address is: 4 (R1)
0x07F0	0xF64B3080  MOVW	R0, #48000
0x07F4	0x4281    CMP	R1, R0
0x07F6	0xD906    BLS	L___Lib_System_4XX_InitialSetUpRCCRCC249
; Fosc_kHz end address is: 4 (R1)
;__Lib_System_4XX.c, 437 :: 		
0x07F8	0x485E    LDR	R0, [PC, #376]
0x07FA	0x6800    LDR	R0, [R0, #0]
0x07FC	0xF0400102  ORR	R1, R0, #2
0x0800	0x485C    LDR	R0, [PC, #368]
0x0802	0x6001    STR	R1, [R0, #0]
0x0804	0xE011    B	L___Lib_System_4XX_InitialSetUpRCCRCC250
L___Lib_System_4XX_InitialSetUpRCCRCC249:
;__Lib_System_4XX.c, 438 :: 		
; Fosc_kHz start address is: 4 (R1)
0x0806	0xF64550C0  MOVW	R0, #24000
0x080A	0x4281    CMP	R1, R0
0x080C	0xD906    BLS	L___Lib_System_4XX_InitialSetUpRCCRCC251
; Fosc_kHz end address is: 4 (R1)
;__Lib_System_4XX.c, 439 :: 		
0x080E	0x4859    LDR	R0, [PC, #356]
0x0810	0x6800    LDR	R0, [R0, #0]
0x0812	0xF0400101  ORR	R1, R0, #1
0x0816	0x4857    LDR	R0, [PC, #348]
0x0818	0x6001    STR	R1, [R0, #0]
0x081A	0xE006    B	L___Lib_System_4XX_InitialSetUpRCCRCC252
L___Lib_System_4XX_InitialSetUpRCCRCC251:
;__Lib_System_4XX.c, 441 :: 		
0x081C	0x4855    LDR	R0, [PC, #340]
0x081E	0x6801    LDR	R1, [R0, #0]
0x0820	0xF06F0007  MVN	R0, #7
0x0824	0x4001    ANDS	R1, R0
0x0826	0x4853    LDR	R0, [PC, #332]
0x0828	0x6001    STR	R1, [R0, #0]
L___Lib_System_4XX_InitialSetUpRCCRCC252:
L___Lib_System_4XX_InitialSetUpRCCRCC250:
L___Lib_System_4XX_InitialSetUpRCCRCC248:
L___Lib_System_4XX_InitialSetUpRCCRCC246:
L___Lib_System_4XX_InitialSetUpRCCRCC244:
L___Lib_System_4XX_InitialSetUpRCCRCC242:
;__Lib_System_4XX.c, 442 :: 		
0x082A	0xE0C3    B	L___Lib_System_4XX_InitialSetUpRCCRCC253
L___Lib_System_4XX_InitialSetUpRCCRCC240:
;__Lib_System_4XX.c, 443 :: 		
; Fosc_kHz start address is: 4 (R1)
0x082C	0x2801    CMP	R0, #1
0x082E	0xF0408051  BNE	L___Lib_System_4XX_InitialSetUpRCCRCC254
;__Lib_System_4XX.c, 444 :: 		
0x0832	0x4851    LDR	R0, [PC, #324]
0x0834	0x4281    CMP	R1, R0
0x0836	0xD906    BLS	L___Lib_System_4XX_InitialSetUpRCCRCC255
; Fosc_kHz end address is: 4 (R1)
;__Lib_System_4XX.c, 445 :: 		
0x0838	0x484E    LDR	R0, [PC, #312]
0x083A	0x6800    LDR	R0, [R0, #0]
0x083C	0xF0400107  ORR	R1, R0, #7
0x0840	0x484C    LDR	R0, [PC, #304]
0x0842	0x6001    STR	R1, [R0, #0]
0x0844	0xE045    B	L___Lib_System_4XX_InitialSetUpRCCRCC256
L___Lib_System_4XX_InitialSetUpRCCRCC255:
;__Lib_System_4XX.c, 446 :: 		
; Fosc_kHz start address is: 4 (R1)
0x0846	0x4851    LDR	R0, [PC, #324]
0x0848	0x4281    CMP	R1, R0
0x084A	0xD906    BLS	L___Lib_System_4XX_InitialSetUpRCCRCC257
; Fosc_kHz end address is: 4 (R1)
;__Lib_System_4XX.c, 447 :: 		
0x084C	0x4849    LDR	R0, [PC, #292]
0x084E	0x6800    LDR	R0, [R0, #0]
0x0850	0xF0400106  ORR	R1, R0, #6
0x0854	0x4847    LDR	R0, [PC, #284]
0x0856	0x6001    STR	R1, [R0, #0]
0x0858	0xE03B    B	L___Lib_System_4XX_InitialSetUpRCCRCC258
L___Lib_System_4XX_InitialSetUpRCCRCC257:
;__Lib_System_4XX.c, 448 :: 		
; Fosc_kHz start address is: 4 (R1)
0x085A	0x4848    LDR	R0, [PC, #288]
0x085C	0x4281    CMP	R1, R0
0x085E	0xD906    BLS	L___Lib_System_4XX_InitialSetUpRCCRCC259
; Fosc_kHz end address is: 4 (R1)
;__Lib_System_4XX.c, 449 :: 		
0x0860	0x4844    LDR	R0, [PC, #272]
0x0862	0x6800    LDR	R0, [R0, #0]
0x0864	0xF0400105  ORR	R1, R0, #5
0x0868	0x4842    LDR	R0, [PC, #264]
0x086A	0x6001    STR	R1, [R0, #0]
0x086C	0xE031    B	L___Lib_System_4XX_InitialSetUpRCCRCC260
L___Lib_System_4XX_InitialSetUpRCCRCC259:
;__Lib_System_4XX.c, 450 :: 		
; Fosc_kHz start address is: 4 (R1)
0x086E	0x4846    LDR	R0, [PC, #280]
0x0870	0x4281    CMP	R1, R0
0x0872	0xD906    BLS	L___Lib_System_4XX_InitialSetUpRCCRCC261
; Fosc_kHz end address is: 4 (R1)
;__Lib_System_4XX.c, 451 :: 		
0x0874	0x483F    LDR	R0, [PC, #252]
0x0876	0x6800    LDR	R0, [R0, #0]
0x0878	0xF0400104  ORR	R1, R0, #4
0x087C	0x483D    LDR	R0, [PC, #244]
0x087E	0x6001    STR	R1, [R0, #0]
0x0880	0xE027    B	L___Lib_System_4XX_InitialSetUpRCCRCC262
L___Lib_System_4XX_InitialSetUpRCCRCC261:
;__Lib_System_4XX.c, 452 :: 		
; Fosc_kHz start address is: 4 (R1)
0x0882	0xF24D20F0  MOVW	R0, #54000
0x0886	0x4281    CMP	R1, R0
0x0888	0xD906    BLS	L___Lib_System_4XX_InitialSetUpRCCRCC263
; Fosc_kHz end address is: 4 (R1)
;__Lib_System_4XX.c, 453 :: 		
0x088A	0x483A    LDR	R0, [PC, #232]
0x088C	0x6800    LDR	R0, [R0, #0]
0x088E	0xF0400103  ORR	R1, R0, #3
0x0892	0x4838    LDR	R0, [PC, #224]
0x0894	0x6001    STR	R1, [R0, #0]
0x0896	0xE01C    B	L___Lib_System_4XX_InitialSetUpRCCRCC264
L___Lib_System_4XX_InitialSetUpRCCRCC263:
;__Lib_System_4XX.c, 454 :: 		
; Fosc_kHz start address is: 4 (R1)
0x0898	0xF64840A0  MOVW	R0, #36000
0x089C	0x4281    CMP	R1, R0
0x089E	0xD906    BLS	L___Lib_System_4XX_InitialSetUpRCCRCC265
; Fosc_kHz end address is: 4 (R1)
;__Lib_System_4XX.c, 455 :: 		
0x08A0	0x4834    LDR	R0, [PC, #208]
0x08A2	0x6800    LDR	R0, [R0, #0]
0x08A4	0xF0400102  ORR	R1, R0, #2
0x08A8	0x4832    LDR	R0, [PC, #200]
0x08AA	0x6001    STR	R1, [R0, #0]
0x08AC	0xE011    B	L___Lib_System_4XX_InitialSetUpRCCRCC266
L___Lib_System_4XX_InitialSetUpRCCRCC265:
;__Lib_System_4XX.c, 456 :: 		
; Fosc_kHz start address is: 4 (R1)
0x08AE	0xF2446050  MOVW	R0, #18000
0x08B2	0x4281    CMP	R1, R0
0x08B4	0xD906    BLS	L___Lib_System_4XX_InitialSetUpRCCRCC267
; Fosc_kHz end address is: 4 (R1)
;__Lib_System_4XX.c, 457 :: 		
0x08B6	0x482F    LDR	R0, [PC, #188]
0x08B8	0x6800    LDR	R0, [R0, #0]
0x08BA	0xF0400101  ORR	R1, R0, #1
0x08BE	0x482D    LDR	R0, [PC, #180]
0x08C0	0x6001    STR	R1, [R0, #0]
0x08C2	0xE006    B	L___Lib_System_4XX_InitialSetUpRCCRCC268
L___Lib_System_4XX_InitialSetUpRCCRCC267:
;__Lib_System_4XX.c, 459 :: 		
0x08C4	0x482B    LDR	R0, [PC, #172]
0x08C6	0x6801    LDR	R1, [R0, #0]
0x08C8	0xF06F0007  MVN	R0, #7
0x08CC	0x4001    ANDS	R1, R0
0x08CE	0x4829    LDR	R0, [PC, #164]
0x08D0	0x6001    STR	R1, [R0, #0]
L___Lib_System_4XX_InitialSetUpRCCRCC268:
L___Lib_System_4XX_InitialSetUpRCCRCC266:
L___Lib_System_4XX_InitialSetUpRCCRCC264:
L___Lib_System_4XX_InitialSetUpRCCRCC262:
L___Lib_System_4XX_InitialSetUpRCCRCC260:
L___Lib_System_4XX_InitialSetUpRCCRCC258:
L___Lib_System_4XX_InitialSetUpRCCRCC256:
;__Lib_System_4XX.c, 460 :: 		
0x08D2	0xE06F    B	L___Lib_System_4XX_InitialSetUpRCCRCC269
L___Lib_System_4XX_InitialSetUpRCCRCC254:
;__Lib_System_4XX.c, 461 :: 		
; Fosc_kHz start address is: 4 (R1)
0x08D4	0x2800    CMP	R0, #0
0x08D6	0xF040806D  BNE	L___Lib_System_4XX_InitialSetUpRCCRCC270
;__Lib_System_4XX.c, 462 :: 		
0x08DA	0x482D    LDR	R0, [PC, #180]
0x08DC	0x4281    CMP	R1, R0
0x08DE	0xD906    BLS	L___Lib_System_4XX_InitialSetUpRCCRCC271
; Fosc_kHz end address is: 4 (R1)
;__Lib_System_4XX.c, 463 :: 		
0x08E0	0x4824    LDR	R0, [PC, #144]
0x08E2	0x6800    LDR	R0, [R0, #0]
0x08E4	0xF0400107  ORR	R1, R0, #7
0x08E8	0x4822    LDR	R0, [PC, #136]
0x08EA	0x6001    STR	R1, [R0, #0]
0x08EC	0xE062    B	L___Lib_System_4XX_InitialSetUpRCCRCC272
L___Lib_System_4XX_InitialSetUpRCCRCC271:
;__Lib_System_4XX.c, 464 :: 		
; Fosc_kHz start address is: 4 (R1)
0x08EE	0x4825    LDR	R0, [PC, #148]
0x08F0	0x4281    CMP	R1, R0
0x08F2	0xD906    BLS	L___Lib_System_4XX_InitialSetUpRCCRCC273
; Fosc_kHz end address is: 4 (R1)
;__Lib_System_4XX.c, 465 :: 		
0x08F4	0x481F    LDR	R0, [PC, #124]
0x08F6	0x6800    LDR	R0, [R0, #0]
0x08F8	0xF0400106  ORR	R1, R0, #6
0x08FC	0x481D    LDR	R0, [PC, #116]
0x08FE	0x6001    STR	R1, [R0, #0]
0x0900	0xE058    B	L___Lib_System_4XX_InitialSetUpRCCRCC274
L___Lib_System_4XX_InitialSetUpRCCRCC273:
;__Lib_System_4XX.c, 466 :: 		
; Fosc_kHz start address is: 4 (R1)
0x0902	0x4824    LDR	R0, [PC, #144]
0x0904	0x4281    CMP	R1, R0
0x0906	0xD906    BLS	L___Lib_System_4XX_InitialSetUpRCCRCC275
; Fosc_kHz end address is: 4 (R1)
;__Lib_System_4XX.c, 467 :: 		
0x0908	0x481A    LDR	R0, [PC, #104]
0x090A	0x6800    LDR	R0, [R0, #0]
0x090C	0xF0400105  ORR	R1, R0, #5
0x0910	0x4818    LDR	R0, [PC, #96]
0x0912	0x6001    STR	R1, [R0, #0]
0x0914	0xE04E    B	L___Lib_System_4XX_InitialSetUpRCCRCC276
L___Lib_System_4XX_InitialSetUpRCCRCC275:
;__Lib_System_4XX.c, 468 :: 		
; Fosc_kHz start address is: 4 (R1)
0x0916	0xF5B14F7A  CMP	R1, #64000
0x091A	0xD906    BLS	L___Lib_System_4XX_InitialSetUpRCCRCC277
; Fosc_kHz end address is: 4 (R1)
;__Lib_System_4XX.c, 469 :: 		
0x091C	0x4815    LDR	R0, [PC, #84]
0x091E	0x6800    LDR	R0, [R0, #0]
0x0920	0xF0400104  ORR	R1, R0, #4
0x0924	0x4813    LDR	R0, [PC, #76]
0x0926	0x6001    STR	R1, [R0, #0]
0x0928	0xE044    B	L___Lib_System_4XX_InitialSetUpRCCRCC278
L___Lib_System_4XX_InitialSetUpRCCRCC277:
;__Lib_System_4XX.c, 470 :: 		
; Fosc_kHz start address is: 4 (R1)
0x092A	0xF64B3080  MOVW	R0, #48000
0x092E	0x4281    CMP	R1, R0
0x0930	0xD906    BLS	L___Lib_System_4XX_InitialSetUpRCCRCC279
; Fosc_kHz end address is: 4 (R1)
;__Lib_System_4XX.c, 471 :: 		
0x0932	0x4810    LDR	R0, [PC, #64]
0x0934	0x6800    LDR	R0, [R0, #0]
0x0936	0xF0400103  ORR	R1, R0, #3
0x093A	0x480E    LDR	R0, [PC, #56]
0x093C	0x6001    STR	R1, [R0, #0]
0x093E	0xE039    B	L___Lib_System_4XX_InitialSetUpRCCRCC280
L___Lib_System_4XX_InitialSetUpRCCRCC279:
;__Lib_System_4XX.c, 472 :: 		
; Fosc_kHz start address is: 4 (R1)
0x0940	0xF5B14FFA  CMP	R1, #32000
0x0944	0xD906    BLS	L___Lib_System_4XX_InitialSetUpRCCRCC281
; Fosc_kHz end address is: 4 (R1)
;__Lib_System_4XX.c, 473 :: 		
0x0946	0x480B    LDR	R0, [PC, #44]
0x0948	0x6800    LDR	R0, [R0, #0]
0x094A	0xF0400102  ORR	R1, R0, #2
0x094E	0x4809    LDR	R0, [PC, #36]
0x0950	0x6001    STR	R1, [R0, #0]
0x0952	0xE02F    B	L___Lib_System_4XX_InitialSetUpRCCRCC282
L___Lib_System_4XX_InitialSetUpRCCRCC281:
;__Lib_System_4XX.c, 474 :: 		
; Fosc_kHz start address is: 4 (R1)
0x0954	0xF5B15F7A  CMP	R1, #16000
0x0958	0xD925    BLS	L___Lib_System_4XX_InitialSetUpRCCRCC283
0x095A	0xE01D    B	#58
0x095C	0x00810000  	#129
0x0960	0x00100400  	#67108880
0x0964	0x00000000  	#0
0x0968	0x00030000  	#3
0x096C	0xD4C00001  	#120000
0x0970	0x49F00002  	#150000
0x0974	0x3C004002  	FLASH_ACR+0
0x0978	0xD4C00001  	#120000
0x097C	0x5F900001  	#90000
0x0980	0x32800002  	#144000
0x0984	0x77000001  	#96000
0x0988	0x19400001  	#72000
0x098C	0xA5E00001  	#108000
0x0990	0xB5800001  	#112000
0x0994	0x38800001  	#80000
; Fosc_kHz end address is: 4 (R1)
;__Lib_System_4XX.c, 475 :: 		
0x0998	0x482D    LDR	R0, [PC, #180]
0x099A	0x6800    LDR	R0, [R0, #0]
0x099C	0xF0400101  ORR	R1, R0, #1
0x09A0	0x482B    LDR	R0, [PC, #172]
0x09A2	0x6001    STR	R1, [R0, #0]
0x09A4	0xE006    B	L___Lib_System_4XX_InitialSetUpRCCRCC284
L___Lib_System_4XX_InitialSetUpRCCRCC283:
;__Lib_System_4XX.c, 477 :: 		
0x09A6	0x482A    LDR	R0, [PC, #168]
0x09A8	0x6801    LDR	R1, [R0, #0]
0x09AA	0xF06F0007  MVN	R0, #7
0x09AE	0x4001    ANDS	R1, R0
0x09B0	0x4827    LDR	R0, [PC, #156]
0x09B2	0x6001    STR	R1, [R0, #0]
L___Lib_System_4XX_InitialSetUpRCCRCC284:
L___Lib_System_4XX_InitialSetUpRCCRCC282:
L___Lib_System_4XX_InitialSetUpRCCRCC280:
L___Lib_System_4XX_InitialSetUpRCCRCC278:
L___Lib_System_4XX_InitialSetUpRCCRCC276:
L___Lib_System_4XX_InitialSetUpRCCRCC274:
L___Lib_System_4XX_InitialSetUpRCCRCC272:
;__Lib_System_4XX.c, 478 :: 		
L___Lib_System_4XX_InitialSetUpRCCRCC270:
L___Lib_System_4XX_InitialSetUpRCCRCC269:
L___Lib_System_4XX_InitialSetUpRCCRCC253:
L___Lib_System_4XX_InitialSetUpRCCRCC239:
;__Lib_System_4XX.c, 480 :: 		
0x09B4	0x2101    MOVS	R1, #1
0x09B6	0xB249    SXTB	R1, R1
0x09B8	0x4826    LDR	R0, [PC, #152]
0x09BA	0x6001    STR	R1, [R0, #0]
;__Lib_System_4XX.c, 481 :: 		
0x09BC	0x4826    LDR	R0, [PC, #152]
0x09BE	0x6001    STR	R1, [R0, #0]
;__Lib_System_4XX.c, 483 :: 		
0x09C0	0xF7FFFDE8  BL	__Lib_System_4XX_SystemClockSetDefault+0
;__Lib_System_4XX.c, 485 :: 		
0x09C4	0x4825    LDR	R0, [PC, #148]
0x09C6	0x6003    STR	R3, [R0, #0]
; ulRCC_PLLCFGR end address is: 12 (R3)
;__Lib_System_4XX.c, 486 :: 		
0x09C8	0x4825    LDR	R0, [PC, #148]
0x09CA	0x6004    STR	R4, [R0, #0]
;__Lib_System_4XX.c, 487 :: 		
0x09CC	0x4825    LDR	R0, [PC, #148]
0x09CE	0xEA020100  AND	R1, R2, R0, LSL #0
0x09D2	0x4825    LDR	R0, [PC, #148]
0x09D4	0x6001    STR	R1, [R0, #0]
;__Lib_System_4XX.c, 489 :: 		
0x09D6	0xF0020001  AND	R0, R2, #1
0x09DA	0xB140    CBZ	R0, L___Lib_System_4XX_InitialSetUpRCCRCC296
; ulRCC_CFGR end address is: 16 (R4)
; ulRCC_CR end address is: 8 (R2)
0x09DC	0x4621    MOV	R1, R4
;__Lib_System_4XX.c, 490 :: 		
L___Lib_System_4XX_InitialSetUpRCCRCC286:
; ulRCC_CFGR start address is: 4 (R1)
; ulRCC_CR start address is: 8 (R2)
0x09DE	0x4822    LDR	R0, [PC, #136]
0x09E0	0x6800    LDR	R0, [R0, #0]
0x09E2	0xF0000002  AND	R0, R0, #2
0x09E6	0x2800    CMP	R0, #0
0x09E8	0xD100    BNE	L___Lib_System_4XX_InitialSetUpRCCRCC287
;__Lib_System_4XX.c, 491 :: 		
0x09EA	0xE7F8    B	L___Lib_System_4XX_InitialSetUpRCCRCC286
L___Lib_System_4XX_InitialSetUpRCCRCC287:
;__Lib_System_4XX.c, 492 :: 		
; ulRCC_CFGR end address is: 4 (R1)
0x09EC	0xE000    B	L___Lib_System_4XX_InitialSetUpRCCRCC285
; ulRCC_CR end address is: 8 (R2)
L___Lib_System_4XX_InitialSetUpRCCRCC296:
;__Lib_System_4XX.c, 489 :: 		
0x09EE	0x4621    MOV	R1, R4
;__Lib_System_4XX.c, 492 :: 		
L___Lib_System_4XX_InitialSetUpRCCRCC285:
;__Lib_System_4XX.c, 494 :: 		
; ulRCC_CFGR start address is: 4 (R1)
; ulRCC_CR start address is: 8 (R2)
0x09F0	0xF4023080  AND	R0, R2, #65536
0x09F4	0xB148    CBZ	R0, L___Lib_System_4XX_InitialSetUpRCCRCC297
; ulRCC_CR end address is: 8 (R2)
; ulRCC_CFGR end address is: 4 (R1)
;__Lib_System_4XX.c, 495 :: 		
L___Lib_System_4XX_InitialSetUpRCCRCC289:
; ulRCC_CR start address is: 8 (R2)
; ulRCC_CFGR start address is: 4 (R1)
0x09F6	0x481C    LDR	R0, [PC, #112]
0x09F8	0x6800    LDR	R0, [R0, #0]
0x09FA	0xF4003000  AND	R0, R0, #131072
0x09FE	0xB900    CBNZ	R0, L___Lib_System_4XX_InitialSetUpRCCRCC290
;__Lib_System_4XX.c, 496 :: 		
0x0A00	0xE7F9    B	L___Lib_System_4XX_InitialSetUpRCCRCC289
L___Lib_System_4XX_InitialSetUpRCCRCC290:
;__Lib_System_4XX.c, 497 :: 		
0x0A02	0x9201    STR	R2, [SP, #4]
; ulRCC_CFGR end address is: 4 (R1)
0x0A04	0x460A    MOV	R2, R1
0x0A06	0x9901    LDR	R1, [SP, #4]
0x0A08	0xE002    B	L___Lib_System_4XX_InitialSetUpRCCRCC288
; ulRCC_CR end address is: 8 (R2)
L___Lib_System_4XX_InitialSetUpRCCRCC297:
;__Lib_System_4XX.c, 494 :: 		
0x0A0A	0x9101    STR	R1, [SP, #4]
0x0A0C	0x4611    MOV	R1, R2
0x0A0E	0x9A01    LDR	R2, [SP, #4]
;__Lib_System_4XX.c, 497 :: 		
L___Lib_System_4XX_InitialSetUpRCCRCC288:
;__Lib_System_4XX.c, 499 :: 		
; ulRCC_CR start address is: 4 (R1)
; ulRCC_CFGR start address is: 8 (R2)
0x0A10	0xF0017080  AND	R0, R1, #16777216
; ulRCC_CR end address is: 4 (R1)
0x0A14	0xB170    CBZ	R0, L___Lib_System_4XX_InitialSetUpRCCRCC298
;__Lib_System_4XX.c, 500 :: 		
0x0A16	0x4814    LDR	R0, [PC, #80]
0x0A18	0x6800    LDR	R0, [R0, #0]
0x0A1A	0xF0407180  ORR	R1, R0, #16777216
0x0A1E	0x4812    LDR	R0, [PC, #72]
0x0A20	0x6001    STR	R1, [R0, #0]
; ulRCC_CFGR end address is: 8 (R2)
0x0A22	0x4611    MOV	R1, R2
;__Lib_System_4XX.c, 501 :: 		
L___Lib_System_4XX_InitialSetUpRCCRCC292:
; ulRCC_CFGR start address is: 4 (R1)
0x0A24	0x4810    LDR	R0, [PC, #64]
0x0A26	0x6800    LDR	R0, [R0, #0]
0x0A28	0xF0007000  AND	R0, R0, #33554432
0x0A2C	0xB900    CBNZ	R0, L___Lib_System_4XX_InitialSetUpRCCRCC293
;__Lib_System_4XX.c, 502 :: 		
0x0A2E	0xE7F9    B	L___Lib_System_4XX_InitialSetUpRCCRCC292
L___Lib_System_4XX_InitialSetUpRCCRCC293:
;__Lib_System_4XX.c, 503 :: 		
0x0A30	0x460A    MOV	R2, R1
0x0A32	0xE7FF    B	L___Lib_System_4XX_InitialSetUpRCCRCC291
; ulRCC_CFGR end address is: 4 (R1)
L___Lib_System_4XX_InitialSetUpRCCRCC298:
;__Lib_System_4XX.c, 499 :: 		
;__Lib_System_4XX.c, 503 :: 		
L___Lib_System_4XX_InitialSetUpRCCRCC291:
;__Lib_System_4XX.c, 506 :: 		
; ulRCC_CFGR start address is: 8 (R2)
; ulRCC_CFGR end address is: 8 (R2)
L___Lib_System_4XX_InitialSetUpRCCRCC294:
; ulRCC_CFGR start address is: 8 (R2)
0x0A34	0x480A    LDR	R0, [PC, #40]
0x0A36	0x6800    LDR	R0, [R0, #0]
0x0A38	0xF000010C  AND	R1, R0, #12
0x0A3C	0x0090    LSLS	R0, R2, #2
0x0A3E	0xF000000C  AND	R0, R0, #12
0x0A42	0x4281    CMP	R1, R0
0x0A44	0xD000    BEQ	L___Lib_System_4XX_InitialSetUpRCCRCC295
;__Lib_System_4XX.c, 507 :: 		
; ulRCC_CFGR end address is: 8 (R2)
0x0A46	0xE7F5    B	L___Lib_System_4XX_InitialSetUpRCCRCC294
L___Lib_System_4XX_InitialSetUpRCCRCC295:
;__Lib_System_4XX.c, 509 :: 		
L_end_InitialSetUpRCCRCC2:
0x0A48	0xF8DDE000  LDR	LR, [SP, #0]
0x0A4C	0xB002    ADD	SP, SP, #8
0x0A4E	0x4770    BX	LR
0x0A50	0x3C004002  	FLASH_ACR+0
0x0A54	0x80204247  	FLASH_ACR+0
0x0A58	0x80244247  	FLASH_ACR+0
0x0A5C	0x38044002  	RCC_PLLCFGR+0
0x0A60	0x38084002  	RCC_CFGR+0
0x0A64	0xFFFF000F  	#1048575
0x0A68	0x38004002  	RCC_CR+0
; end of __Lib_System_4XX_InitialSetUpRCCRCC2
__Lib_System_4XX_SystemClockSetDefault:
;__Lib_System_4XX.c, 383 :: 		
0x0594	0xB081    SUB	SP, SP, #4
;__Lib_System_4XX.c, 386 :: 		
0x0596	0x480D    LDR	R0, [PC, #52]
0x0598	0x6800    LDR	R0, [R0, #0]
0x059A	0xF0400101  ORR	R1, R0, #1
0x059E	0x480B    LDR	R0, [PC, #44]
0x05A0	0x6001    STR	R1, [R0, #0]
;__Lib_System_4XX.c, 389 :: 		
0x05A2	0x2100    MOVS	R1, #0
0x05A4	0x480A    LDR	R0, [PC, #40]
0x05A6	0x6001    STR	R1, [R0, #0]
;__Lib_System_4XX.c, 392 :: 		
0x05A8	0x4808    LDR	R0, [PC, #32]
0x05AA	0x6801    LDR	R1, [R0, #0]
0x05AC	0x4809    LDR	R0, [PC, #36]
0x05AE	0x4001    ANDS	R1, R0
0x05B0	0x4806    LDR	R0, [PC, #24]
0x05B2	0x6001    STR	R1, [R0, #0]
;__Lib_System_4XX.c, 395 :: 		
0x05B4	0x4908    LDR	R1, [PC, #32]
0x05B6	0x4809    LDR	R0, [PC, #36]
0x05B8	0x6001    STR	R1, [R0, #0]
;__Lib_System_4XX.c, 398 :: 		
0x05BA	0x4804    LDR	R0, [PC, #16]
0x05BC	0x6801    LDR	R1, [R0, #0]
0x05BE	0xF46F2080  MVN	R0, #262144
0x05C2	0x4001    ANDS	R1, R0
0x05C4	0x4801    LDR	R0, [PC, #4]
0x05C6	0x6001    STR	R1, [R0, #0]
;__Lib_System_4XX.c, 402 :: 		
L_end_SystemClockSetDefault:
0x05C8	0xB001    ADD	SP, SP, #4
0x05CA	0x4770    BX	LR
0x05CC	0x38004002  	RCC_CR+0
0x05D0	0x38084002  	RCC_CFGR+0
0x05D4	0xFFFFFEF6  	#-17367041
0x05D8	0x30102400  	#603992080
0x05DC	0x38044002  	RCC_PLLCFGR+0
; end of __Lib_System_4XX_SystemClockSetDefault
__Lib_System_4XX_InitialSetUpFosc:
;__Lib_System_4XX.c, 321 :: 		
0x06E8	0xB081    SUB	SP, SP, #4
;__Lib_System_4XX.c, 322 :: 		
0x06EA	0x4904    LDR	R1, [PC, #16]
0x06EC	0x4804    LDR	R0, [PC, #16]
0x06EE	0x6001    STR	R1, [R0, #0]
;__Lib_System_4XX.c, 323 :: 		
0x06F0	0x4904    LDR	R1, [PC, #16]
0x06F2	0x4805    LDR	R0, [PC, #20]
0x06F4	0x6001    STR	R1, [R0, #0]
;__Lib_System_4XX.c, 324 :: 		
L_end_InitialSetUpFosc:
0x06F6	0xB001    ADD	SP, SP, #4
0x06F8	0x4770    BX	LR
0x06FA	0xBF00    NOP
0x06FC	0xD4C00001  	#120000
0x0700	0x00302000  	___System_CLOCK_IN_KHZ+0
0x0704	0x00030000  	#3
0x0708	0x00342000  	__VOLTAGE_RANGE+0
; end of __Lib_System_4XX_InitialSetUpFosc
___GenExcept:
;__Lib_System_4XX.c, 266 :: 		
0x06B4	0xB081    SUB	SP, SP, #4
;__Lib_System_4XX.c, 267 :: 		
L___GenExcept24:
0x06B6	0xE7FE    B	L___GenExcept24
;__Lib_System_4XX.c, 268 :: 		
L_end___GenExcept:
0x06B8	0xB001    ADD	SP, SP, #4
0x06BA	0x4770    BX	LR
; end of ___GenExcept
___EnableFPU:
;__Lib_System_4XX.c, 299 :: 		
0x06BC	0xB081    SUB	SP, SP, #4
;__Lib_System_4XX.c, 302 :: 		
0x06BE	0xF64E5088  MOVW	R0, #60808
;__Lib_System_4XX.c, 303 :: 		
0x06C2	0xF2CE0000  MOVT	R0, #57344
;__Lib_System_4XX.c, 305 :: 		
0x06C6	0x6801    LDR	R1, [R0, #0]
;__Lib_System_4XX.c, 307 :: 		
0x06C8	0xF4410170  ORR	R1, R1, #15728640
;__Lib_System_4XX.c, 309 :: 		
0x06CC	0x6001    STR	R1, [R0, #0]
;__Lib_System_4XX.c, 311 :: 		
0x06CE	0xBF00    NOP
;__Lib_System_4XX.c, 312 :: 		
0x06D0	0xBF00    NOP
;__Lib_System_4XX.c, 313 :: 		
0x06D2	0xBF00    NOP
;__Lib_System_4XX.c, 314 :: 		
0x06D4	0xBF00    NOP
;__Lib_System_4XX.c, 316 :: 		
0x06D6	0xEEF10A10  VMRS	R0, FPSCR
;__Lib_System_4XX.c, 317 :: 		
0x06DA	0xF4400040  ORR	R0, R0, #12582912
;__Lib_System_4XX.c, 318 :: 		
0x06DE	0xEEE10A10  VMSR	FPSCR, R0
;__Lib_System_4XX.c, 319 :: 		
L_end___EnableFPU:
0x06E2	0xB001    ADD	SP, SP, #4
0x06E4	0x4770    BX	LR
; end of ___EnableFPU
0x0B14	0xB500    PUSH	(R14)
0x0B16	0xF8DFB024  LDR	R11, [PC, #36]
0x0B1A	0xF8DFA024  LDR	R10, [PC, #36]
0x0B1E	0xF8DFC024  LDR	R12, [PC, #36]
0x0B22	0xF7FFFD2D  BL	1408
0x0B26	0xF8DFB020  LDR	R11, [PC, #32]
0x0B2A	0xF8DFA020  LDR	R10, [PC, #32]
0x0B2E	0xF8DFC020  LDR	R12, [PC, #32]
0x0B32	0xF7FFFD25  BL	1408
0x0B36	0xBD00    POP	(R15)
0x0B38	0x4770    BX	LR
0x0B3A	0xBF00    NOP
0x0B3C	0x00002000  	#536870912
0x0B40	0x00022000  	#536870914
0x0B44	0x024E0000  	#590
0x0B48	0x00042000  	#536870916
0x0B4C	0x00302000  	#536870960
0x0B50	0x0AE80000  	#2792
0x0BB0	0xB500    PUSH	(R14)
0x0BB2	0xF8DFB010  LDR	R11, [PC, #16]
0x0BB6	0xF8DFA010  LDR	R10, [PC, #16]
0x0BBA	0xF7FFFD11  BL	1504
0x0BBE	0xBD00    POP	(R15)
0x0BC0	0x4770    BX	LR
0x0BC2	0xBF00    NOP
0x0BC4	0x00002000  	#536870912
0x0BC8	0x00382000  	#536870968
;TimblerBotDrive.c,0 :: ?ICS_m1State [2]
0x024E	0x0000 ;?ICS_m1State+0
; end of ?ICS_m1State
;__Lib_USB_32F4xx.c,0 :: ?ICS__Lib_USB_32F4xx_USBD_DCD_INT_cb [44]
0x0AE8	0xFFFFFFFF ;?ICS__Lib_USB_32F4xx_USBD_DCD_INT_cb+0
0x0AEC	0xFFFFFFFF ;?ICS__Lib_USB_32F4xx_USBD_DCD_INT_cb+4
0x0AF0	0xFFFFFFFF ;?ICS__Lib_USB_32F4xx_USBD_DCD_INT_cb+8
0x0AF4	0xFFFFFFFF ;?ICS__Lib_USB_32F4xx_USBD_DCD_INT_cb+12
0x0AF8	0xFFFFFFFF ;?ICS__Lib_USB_32F4xx_USBD_DCD_INT_cb+16
0x0AFC	0xFFFFFFFF ;?ICS__Lib_USB_32F4xx_USBD_DCD_INT_cb+20
0x0B00	0xFFFFFFFF ;?ICS__Lib_USB_32F4xx_USBD_DCD_INT_cb+24
0x0B04	0xFFFFFFFF ;?ICS__Lib_USB_32F4xx_USBD_DCD_INT_cb+28
0x0B08	0xFFFFFFFF ;?ICS__Lib_USB_32F4xx_USBD_DCD_INT_cb+32
0x0B0C	0xFFFFFFFF ;?ICS__Lib_USB_32F4xx_USBD_DCD_INT_cb+36
0x0B10	0xFFFFFFFF ;?ICS__Lib_USB_32F4xx_USBD_DCD_INT_cb+40
; end of ?ICS__Lib_USB_32F4xx_USBD_DCD_INT_cb
Symbol List:
//** Routines locations **
//ADDRESS    SIZE    PROCEDURE
//----------------------------------------------
0x0188     [168]    _GPIO_Clk_Enable
0x0230      [30]    _Delay_Cyc
0x0250      [52]    _VDelay_ms
0x0284     [204]    _M1Step
0x0350     [560]    _GPIO_Config
0x0580      [20]    ___CC2DW
0x0594      [76]    __Lib_System_4XX_SystemClockSetDefault
0x05E0      [58]    ___FillZeros
0x0620      [24]    _Wait
0x0638      [28]    _GPIO_Digital_Output
0x0654      [96]    _Motor1Move
0x06B4       [8]    ___GenExcept
0x06BC      [42]    ___EnableFPU
0x06E8      [36]    __Lib_System_4XX_InitialSetUpFosc
0x070C     [864]    __Lib_System_4XX_InitialSetUpRCCRCC2
0x0A6C     [124]    _main
//** Variables locations ** 
//ADDRESS    SIZE    VARIABLE
//----------------------------------------------
0x0000       [4]    FARG_log_x
0x0000       [4]    FARG_log10_x
0x0000       [4]    FARG_cos_f
0x0000       [4]    FARG_atan2_y
0x0000       [4]    FARG_sin_f
0x0000       [4]    FARG_exp_x
0x0000       [4]    FARG_tan_x
0x0000       [4]    FARG_pow_x
0x0000       [4]    FARG_FloatToStr_fnum
0x0000       [8]    FARG_LongDoubleToStr_dnum
0x0000       [4]    FARG_tanh_x
0x0000       [4]    FARG_cosh_x
0x0000       [4]    FARG_sinh_x
0x0000       [4]    FARG_modf_val
0x0000       [4]    FARG_Q15_Ftoi_f
0x0000       [4]    FARG_Q31_Ftoi_f
0x0000       [4]    FARG_floor_x
0x0000       [4]    FARG_ceil_x
0x0000       [4]    FARG_fabs_d
0x0000       [4]    FARG_atan_f
0x0000       [4]    FARG_acos_x
0x0000       [4]    FARG_asin_x
0x0000       [4]    FARG_sqrt_x
0x0000       [4]    FARG_frexp_value
0x0000       [4]    FARG_ldexp_value
0x0000       [4]    FARG___Lib_CMath_eval_poly_x
0x0004       [4]    FARG_atan2_x
0x0004       [4]    FARG_pow_y
0x20000000       [2]    _m1State
0x20000004      [44]    __Lib_USB_32F4xx_USBD_DCD_INT_cb
0x20000030       [4]    ___System_CLOCK_IN_KHZ
0x20000034       [4]    __VOLTAGE_RANGE
//** Constants locations ** 
//ADDRESS    SIZE    CONSTANT
//----------------------------------------------
0x024E       [2]    ?ICS_m1State
0x0AE8      [44]    ?ICS__Lib_USB_32F4xx_USBD_DCD_INT_cb
